{"C:\\dev\\movie-ticket-booking-system\\src\\App.tsx": {"path":"C:\\dev\\movie-ticket-booking-system\\src\\App.tsx","statementMap":{"0":{"start":{"line":12,"column":2},"end":{"line":51,"column":4}}},"fnMap":{"0":{"name":"App","decl":{"start":{"line":11,"column":9},"end":{"line":11,"column":12}},"loc":{"start":{"line":11,"column":12},"end":{"line":52,"column":1}}}},"branchMap":{},"s":{"0":0},"f":{"0":0},"b":{}}
,"C:\\dev\\movie-ticket-booking-system\\src\\components\\MovieCard.tsx": {"path":"C:\\dev\\movie-ticket-booking-system\\src\\components\\MovieCard.tsx","statementMap":{"0":{"start":{"line":2,"column":0},"end":{"line":2,"column":47}},"1":{"start":{"line":3,"column":0},"end":{"line":3,"column":58}},"2":{"start":{"line":4,"column":0},"end":{"line":4,"column":37}},"3":{"start":{"line":5,"column":0},"end":{"line":5,"column":35}},"4":{"start":{"line":7,"column":0},"end":{"line":7,"column":43}},"5":{"start":{"line":8,"column":0},"end":{"line":8,"column":49}},"6":{"start":{"line":14,"column":44},"end":{"line":62,"column":1}},"7":{"start":{"line":15,"column":19},"end":{"line":15,"column":32}},"8":{"start":{"line":17,"column":30},"end":{"line":19,"column":3}},"9":{"start":{"line":18,"column":4},"end":{"line":18,"column":45}},"10":{"start":{"line":21,"column":2},"end":{"line":61,"column":4}},"11":{"start":{"line":30,"column":12},"end":{"line":30,"column":43}},"12":{"start":{"line":31,"column":12},"end":{"line":31,"column":51}},"13":{"start":{"line":39,"column":12},"end":{"line":39,"column":31}},"14":{"start":{"line":64,"column":0},"end":{"line":64,"column":25}}},"fnMap":{"0":{"name":"(anonymous_1)","decl":{"start":{"line":14,"column":44},"end":{"line":14,"column":45}},"loc":{"start":{"line":14,"column":58},"end":{"line":62,"column":1}}},"1":{"name":"(anonymous_2)","decl":{"start":{"line":17,"column":30},"end":{"line":17,"column":33}},"loc":{"start":{"line":17,"column":35},"end":{"line":19,"column":3}}},"2":{"name":"(anonymous_3)","decl":{"start":{"line":29,"column":19},"end":{"line":29,"column":20}},"loc":{"start":{"line":29,"column":25},"end":{"line":32,"column":11}}},"3":{"name":"(anonymous_4)","decl":{"start":{"line":38,"column":27},"end":{"line":38,"column":28}},"loc":{"start":{"line":39,"column":12},"end":{"line":39,"column":31}}}},"branchMap":{},"s":{"0":2,"1":2,"2":2,"3":2,"4":2,"5":2,"6":2,"7":15,"8":15,"9":0,"10":15,"11":0,"12":0,"13":25,"14":2},"f":{"0":15,"1":0,"2":0,"3":25},"b":{}}
,"C:\\dev\\movie-ticket-booking-system\\src\\components\\MovieFilters.tsx": {"path":"C:\\dev\\movie-ticket-booking-system\\src\\components\\MovieFilters.tsx","statementMap":{"0":{"start":{"line":2,"column":0},"end":{"line":2,"column":55}},"1":{"start":{"line":3,"column":0},"end":{"line":3,"column":35}},"2":{"start":{"line":4,"column":0},"end":{"line":4,"column":37}},"3":{"start":{"line":5,"column":0},"end":{"line":5,"column":35}},"4":{"start":{"line":7,"column":0},"end":{"line":7,"column":114}},"5":{"start":{"line":8,"column":0},"end":{"line":8,"column":41}},"6":{"start":{"line":10,"column":31},"end":{"line":100,"column":1}},"7":{"start":{"line":11,"column":19},"end":{"line":11,"column":32}},"8":{"start":{"line":12,"column":67},"end":{"line":13,"column":null}},"9":{"start":{"line":13,"column":26},"end":{"line":13,"column":38}},"10":{"start":{"line":17,"column":20},"end":{"line":17,"column":77}},"11":{"start":{"line":17,"column":63},"end":{"line":17,"column":74}},"12":{"start":{"line":18,"column":21},"end":{"line":18,"column":75}},"13":{"start":{"line":18,"column":60},"end":{"line":18,"column":72}},"14":{"start":{"line":20,"column":28},"end":{"line":25,"column":3}},"15":{"start":{"line":21,"column":22},"end":{"line":23,"column":34}},"16":{"start":{"line":22,"column":35},"end":{"line":22,"column":46}},"17":{"start":{"line":24,"column":4},"end":{"line":24,"column":43}},"18":{"start":{"line":27,"column":29},"end":{"line":32,"column":3}},"19":{"start":{"line":28,"column":23},"end":{"line":30,"column":36}},"20":{"start":{"line":29,"column":36},"end":{"line":29,"column":48}},"21":{"start":{"line":31,"column":4},"end":{"line":31,"column":45}},"22":{"start":{"line":34,"column":29},"end":{"line":36,"column":3}},"23":{"start":{"line":35,"column":4},"end":{"line":35,"column":29}},"24":{"start":{"line":38,"column":27},"end":{"line":38,"column":97}},"25":{"start":{"line":40,"column":2},"end":{"line":99,"column":4}},"26":{"start":{"line":50,"column":31},"end":{"line":50,"column":71}},"27":{"start":{"line":70,"column":12},"end":{"line":71,"column":null}},"28":{"start":{"line":74,"column":29},"end":{"line":74,"column":53}},"29":{"start":{"line":87,"column":12},"end":{"line":88,"column":null}},"30":{"start":{"line":91,"column":29},"end":{"line":91,"column":55}},"31":{"start":{"line":102,"column":0},"end":{"line":102,"column":28}}},"fnMap":{"0":{"name":"(anonymous_0)","decl":{"start":{"line":10,"column":31},"end":{"line":10,"column":34}},"loc":{"start":{"line":10,"column":36},"end":{"line":100,"column":1}}},"1":{"name":"(anonymous_1)","decl":{"start":{"line":13,"column":4},"end":{"line":13,"column":5}},"loc":{"start":{"line":13,"column":26},"end":{"line":13,"column":38}}},"2":{"name":"(anonymous_2)","decl":{"start":{"line":17,"column":54},"end":{"line":17,"column":59}},"loc":{"start":{"line":17,"column":63},"end":{"line":17,"column":74}}},"3":{"name":"(anonymous_3)","decl":{"start":{"line":18,"column":51},"end":{"line":18,"column":56}},"loc":{"start":{"line":18,"column":60},"end":{"line":18,"column":72}}},"4":{"name":"(anonymous_4)","decl":{"start":{"line":20,"column":28},"end":{"line":20,"column":29}},"loc":{"start":{"line":20,"column":46},"end":{"line":25,"column":3}}},"5":{"name":"(anonymous_5)","decl":{"start":{"line":22,"column":30},"end":{"line":22,"column":31}},"loc":{"start":{"line":22,"column":35},"end":{"line":22,"column":46}}},"6":{"name":"(anonymous_6)","decl":{"start":{"line":27,"column":29},"end":{"line":27,"column":30}},"loc":{"start":{"line":27,"column":48},"end":{"line":32,"column":3}}},"7":{"name":"(anonymous_7)","decl":{"start":{"line":29,"column":31},"end":{"line":29,"column":32}},"loc":{"start":{"line":29,"column":36},"end":{"line":29,"column":48}}},"8":{"name":"(anonymous_8)","decl":{"start":{"line":34,"column":29},"end":{"line":34,"column":32}},"loc":{"start":{"line":34,"column":34},"end":{"line":36,"column":3}}},"9":{"name":"(anonymous_9)","decl":{"start":{"line":50,"column":24},"end":{"line":50,"column":25}},"loc":{"start":{"line":50,"column":31},"end":{"line":50,"column":71}}},"10":{"name":"(anonymous_10)","decl":{"start":{"line":69,"column":25},"end":{"line":69,"column":26}},"loc":{"start":{"line":70,"column":12},"end":{"line":71,"column":null}}},"11":{"name":"(anonymous_11)","decl":{"start":{"line":74,"column":23},"end":{"line":74,"column":26}},"loc":{"start":{"line":74,"column":29},"end":{"line":74,"column":53}}},"12":{"name":"(anonymous_12)","decl":{"start":{"line":86,"column":26},"end":{"line":86,"column":27}},"loc":{"start":{"line":87,"column":12},"end":{"line":88,"column":null}}},"13":{"name":"(anonymous_13)","decl":{"start":{"line":91,"column":23},"end":{"line":91,"column":26}},"loc":{"start":{"line":91,"column":29},"end":{"line":91,"column":55}}}},"branchMap":{"0":{"loc":{"start":{"line":21,"column":22},"end":{"line":23,"column":34}},"type":"cond-expr","locations":[{"start":{"line":22,"column":8},"end":{"line":22,"column":47}},{"start":{"line":23,"column":8},"end":{"line":23,"column":34}}]},"1":{"loc":{"start":{"line":28,"column":23},"end":{"line":30,"column":36}},"type":"cond-expr","locations":[{"start":{"line":29,"column":8},"end":{"line":29,"column":49}},{"start":{"line":30,"column":8},"end":{"line":30,"column":36}}]},"2":{"loc":{"start":{"line":38,"column":27},"end":{"line":38,"column":97}},"type":"binary-expr","locations":[{"start":{"line":38,"column":27},"end":{"line":38,"column":38}},{"start":{"line":38,"column":42},"end":{"line":38,"column":67}},{"start":{"line":38,"column":71},"end":{"line":38,"column":97}}]},"3":{"loc":{"start":{"line":57,"column":9},"end":{"line":61,"column":null}},"type":"binary-expr","locations":[{"start":{"line":57,"column":9},"end":{"line":57,"column":25}},{"start":{"line":58,"column":10},"end":{"line":59,"column":null}}]},"4":{"loc":{"start":{"line":72,"column":23},"end":{"line":72,"column":77}},"type":"cond-expr","locations":[{"start":{"line":72,"column":56},"end":{"line":72,"column":65}},{"start":{"line":72,"column":68},"end":{"line":72,"column":77}}]},"5":{"loc":{"start":{"line":89,"column":23},"end":{"line":89,"column":79}},"type":"cond-expr","locations":[{"start":{"line":89,"column":58},"end":{"line":89,"column":67}},{"start":{"line":89,"column":70},"end":{"line":89,"column":79}}]}},"s":{"0":2,"1":2,"2":2,"3":2,"4":2,"5":2,"6":2,"7":30,"8":30,"9":65,"10":30,"11":68,"12":30,"13":68,"14":30,"15":5,"16":2,"17":5,"18":30,"19":4,"20":2,"21":4,"22":30,"23":1,"24":30,"25":30,"26":3,"27":75,"28":5,"29":50,"30":4,"31":2},"f":{"0":30,"1":65,"2":68,"3":68,"4":5,"5":2,"6":4,"7":2,"8":1,"9":3,"10":75,"11":5,"12":50,"13":4},"b":{"0":[1,4],"1":[1,3],"2":[30,25,18],"3":[30,15],"4":[13,62],"5":[9,41]}}
,"C:\\dev\\movie-ticket-booking-system\\src\\components\\SeatMap.tsx": {"path":"C:\\dev\\movie-ticket-booking-system\\src\\components\\SeatMap.tsx","statementMap":{"0":{"start":{"line":2,"column":0},"end":{"line":2,"column":55}},"1":{"start":{"line":3,"column":0},"end":{"line":3,"column":37}},"2":{"start":{"line":6,"column":0},"end":{"line":6,"column":67}},"3":{"start":{"line":7,"column":0},"end":{"line":7,"column":34}},"4":{"start":{"line":13,"column":40},"end":{"line":105,"column":1}},"5":{"start":{"line":14,"column":19},"end":{"line":14,"column":32}},"6":{"start":{"line":15,"column":28},"end":{"line":15,"column":76}},"7":{"start":{"line":15,"column":62},"end":{"line":15,"column":75}},"8":{"start":{"line":17,"column":26},"end":{"line":20,"column":3}},"9":{"start":{"line":18,"column":4},"end":{"line":18,"column":34}},"10":{"start":{"line":18,"column":27},"end":{"line":18,"column":34}},"11":{"start":{"line":19,"column":4},"end":{"line":19,"column":40}},"12":{"start":{"line":22,"column":23},"end":{"line":34,"column":3}},"13":{"start":{"line":23,"column":4},"end":{"line":23,"column":67}},"14":{"start":{"line":23,"column":27},"end":{"line":23,"column":67}},"15":{"start":{"line":24,"column":4},"end":{"line":24,"column":95}},"16":{"start":{"line":24,"column":32},"end":{"line":24,"column":48}},"17":{"start":{"line":24,"column":51},"end":{"line":24,"column":95}},"18":{"start":{"line":26,"column":4},"end":{"line":33,"column":5}},"19":{"start":{"line":28,"column":8},"end":{"line":28,"column":69}},"20":{"start":{"line":30,"column":8},"end":{"line":30,"column":69}},"21":{"start":{"line":32,"column":8},"end":{"line":32,"column":66}},"22":{"start":{"line":37,"column":21},"end":{"line":43,"column":34}},"23":{"start":{"line":38,"column":4},"end":{"line":40,"column":5}},"24":{"start":{"line":39,"column":6},"end":{"line":39,"column":25}},"25":{"start":{"line":41,"column":4},"end":{"line":41,"column":29}},"26":{"start":{"line":42,"column":4},"end":{"line":42,"column":15}},"27":{"start":{"line":45,"column":2},"end":{"line":104,"column":4}},"28":{"start":{"line":56,"column":10},"end":{"line":56,"column":25}},"29":{"start":{"line":60,"column":16},"end":{"line":61,"column":null}},"30":{"start":{"line":68,"column":33},"end":{"line":68,"column":54}},"31":{"start":{"line":107,"column":0},"end":{"line":107,"column":23}}},"fnMap":{"0":{"name":"(anonymous_0)","decl":{"start":{"line":13,"column":40},"end":{"line":13,"column":41}},"loc":{"start":{"line":13,"column":54},"end":{"line":105,"column":1}}},"1":{"name":"(anonymous_1)","decl":{"start":{"line":15,"column":40},"end":{"line":15,"column":41}},"loc":{"start":{"line":15,"column":62},"end":{"line":15,"column":75}}},"2":{"name":"(anonymous_2)","decl":{"start":{"line":17,"column":26},"end":{"line":17,"column":27}},"loc":{"start":{"line":17,"column":41},"end":{"line":20,"column":3}}},"3":{"name":"(anonymous_3)","decl":{"start":{"line":22,"column":23},"end":{"line":22,"column":24}},"loc":{"start":{"line":22,"column":38},"end":{"line":34,"column":3}}},"4":{"name":"(anonymous_4)","decl":{"start":{"line":24,"column":27},"end":{"line":24,"column":28}},"loc":{"start":{"line":24,"column":32},"end":{"line":24,"column":48}}},"5":{"name":"(anonymous_5)","decl":{"start":{"line":37,"column":34},"end":{"line":37,"column":35}},"loc":{"start":{"line":37,"column":48},"end":{"line":43,"column":3}}},"6":{"name":"(anonymous_6)","decl":{"start":{"line":55,"column":40},"end":{"line":55,"column":41}},"loc":{"start":{"line":56,"column":10},"end":{"line":56,"column":25}}},"7":{"name":"(anonymous_7)","decl":{"start":{"line":59,"column":28},"end":{"line":59,"column":29}},"loc":{"start":{"line":60,"column":16},"end":{"line":61,"column":null}}},"8":{"name":"(anonymous_8)","decl":{"start":{"line":68,"column":27},"end":{"line":68,"column":30}},"loc":{"start":{"line":68,"column":33},"end":{"line":68,"column":54}}}},"branchMap":{"0":{"loc":{"start":{"line":18,"column":4},"end":{"line":18,"column":34}},"type":"if","locations":[{"start":{"line":18,"column":4},"end":{"line":18,"column":34}},{"start":{},"end":{}}]},"1":{"loc":{"start":{"line":23,"column":4},"end":{"line":23,"column":67}},"type":"if","locations":[{"start":{"line":23,"column":4},"end":{"line":23,"column":67}},{"start":{},"end":{}}]},"2":{"loc":{"start":{"line":24,"column":4},"end":{"line":24,"column":95}},"type":"if","locations":[{"start":{"line":24,"column":4},"end":{"line":24,"column":95}},{"start":{},"end":{}}]},"3":{"loc":{"start":{"line":26,"column":4},"end":{"line":33,"column":5}},"type":"switch","locations":[{"start":{"line":27,"column":6},"end":{"line":28,"column":69}},{"start":{"line":29,"column":6},"end":{"line":30,"column":69}},{"start":{"line":31,"column":6},"end":{"line":32,"column":66}}]},"4":{"loc":{"start":{"line":38,"column":4},"end":{"line":40,"column":5}},"type":"if","locations":[{"start":{"line":38,"column":4},"end":{"line":40,"column":5}},{"start":{},"end":{}}]}},"s":{"0":2,"1":2,"2":2,"3":2,"4":2,"5":38,"6":38,"7":76,"8":38,"9":9,"10":0,"11":9,"12":38,"13":159,"14":37,"15":122,"16":46,"17":15,"18":107,"19":42,"20":24,"21":41,"22":38,"23":159,"24":74,"25":159,"26":159,"27":38,"28":74,"29":159,"30":9,"31":2},"f":{"0":38,"1":76,"2":9,"3":159,"4":46,"5":159,"6":74,"7":159,"8":9},"b":{"0":[0,9],"1":[37,122],"2":[15,107],"3":[42,24,41],"4":[74,85]}}
,"C:\\dev\\movie-ticket-booking-system\\src\\components\\ShowtimeCard.tsx": {"path":"C:\\dev\\movie-ticket-booking-system\\src\\components\\ShowtimeCard.tsx","statementMap":{"0":{"start":{"line":16,"column":50},"end":{"line":81,"column":1}},"1":{"start":{"line":17,"column":19},"end":{"line":17,"column":32}},"2":{"start":{"line":18,"column":19},"end":{"line":18,"column":32}},"3":{"start":{"line":20,"column":28},"end":{"line":23,"column":3}},"4":{"start":{"line":21,"column":4},"end":{"line":21,"column":44}},"5":{"start":{"line":22,"column":4},"end":{"line":22,"column":46}},"6":{"start":{"line":25,"column":21},"end":{"line":31,"column":3}},"7":{"start":{"line":26,"column":4},"end":{"line":30,"column":7}},"8":{"start":{"line":33,"column":21},"end":{"line":39,"column":3}},"9":{"start":{"line":34,"column":4},"end":{"line":38,"column":7}},"10":{"start":{"line":41,"column":22},"end":{"line":41,"column":49}},"11":{"start":{"line":43,"column":2},"end":{"line":80,"column":4}}},"fnMap":{"0":{"name":"(anonymous_0)","decl":{"start":{"line":16,"column":50},"end":{"line":16,"column":51}},"loc":{"start":{"line":16,"column":76},"end":{"line":81,"column":1}}},"1":{"name":"(anonymous_1)","decl":{"start":{"line":20,"column":28},"end":{"line":20,"column":31}},"loc":{"start":{"line":20,"column":33},"end":{"line":23,"column":3}}},"2":{"name":"(anonymous_2)","decl":{"start":{"line":25,"column":21},"end":{"line":25,"column":22}},"loc":{"start":{"line":25,"column":44},"end":{"line":31,"column":3}}},"3":{"name":"(anonymous_3)","decl":{"start":{"line":33,"column":21},"end":{"line":33,"column":22}},"loc":{"start":{"line":33,"column":44},"end":{"line":39,"column":3}}}},"branchMap":{"0":{"loc":{"start":{"line":65,"column":15},"end":{"line":66,"column":null}},"type":"binary-expr","locations":[{"start":{"line":65,"column":15},"end":{"line":65,"column":27}},{"start":{"line":66,"column":16},"end":{"line":66,"column":61}}]},"1":{"loc":{"start":{"line":75,"column":13},"end":{"line":75,"column":54}},"type":"cond-expr","locations":[{"start":{"line":75,"column":27},"end":{"line":75,"column":41}},{"start":{"line":75,"column":44},"end":{"line":75,"column":54}}]}},"s":{"0":0,"1":0,"2":0,"3":0,"4":0,"5":0,"6":0,"7":0,"8":0,"9":0,"10":0,"11":0},"f":{"0":0,"1":0,"2":0,"3":0},"b":{"0":[0,0],"1":[0,0]}}
,"C:\\dev\\movie-ticket-booking-system\\src\\components\\ui\\badge.tsx": {"path":"C:\\dev\\movie-ticket-booking-system\\src\\components\\ui\\badge.tsx","statementMap":{"0":{"start":{"line":37,"column":9},"end":{"line":37,"column":14}},"1":{"start":{"line":2,"column":0},"end":{"line":2,"column":65}},"2":{"start":{"line":4,"column":0},"end":{"line":4,"column":36}},"3":{"start":{"line":7,"column":22},"end":{"line":24,"column":null}},"4":{"start":{"line":37,"column":16},"end":{"line":37,"column":29}},"5":{"start":{"line":32,"column":2},"end":{"line":34,"column":null}}},"fnMap":{"0":{"name":"Badge","decl":{"start":{"line":31,"column":9},"end":{"line":31,"column":14}},"loc":{"start":{"line":31,"column":59},"end":{"line":35,"column":1}}}},"branchMap":{},"s":{"0":3,"1":3,"2":3,"3":3,"4":3,"5":150},"f":{"0":150},"b":{}}
,"C:\\dev\\movie-ticket-booking-system\\src\\components\\ui\\button.tsx": {"path":"C:\\dev\\movie-ticket-booking-system\\src\\components\\ui\\button.tsx","statementMap":{"0":{"start":{"line":1,"column":0},"end":{"line":1,"column":30}},"1":{"start":{"line":2,"column":0},"end":{"line":2,"column":43}},"2":{"start":{"line":3,"column":0},"end":{"line":3,"column":65}},"3":{"start":{"line":5,"column":0},"end":{"line":5,"column":36}},"4":{"start":{"line":7,"column":23},"end":{"line":33,"column":null}},"5":{"start":{"line":56,"column":17},"end":{"line":56,"column":31}},"6":{"start":{"line":42,"column":15},"end":{"line":52,"column":null}},"7":{"start":{"line":44,"column":17},"end":{"line":44,"column":42}},"8":{"start":{"line":45,"column":4},"end":{"line":51,"column":null}},"9":{"start":{"line":56,"column":9},"end":{"line":56,"column":15}},"10":{"start":{"line":54,"column":0},"end":{"line":54,"column":null}}},"fnMap":{"0":{"name":"(anonymous_9)","decl":{"start":{"line":43,"column":2},"end":{"line":43,"column":3}},"loc":{"start":{"line":43,"column":67},"end":{"line":52,"column":3}}}},"branchMap":{"0":{"loc":{"start":{"line":43,"column":31},"end":{"line":43,"column":46}},"type":"default-arg","locations":[{"start":{"line":43,"column":41},"end":{"line":43,"column":46}}]},"1":{"loc":{"start":{"line":44,"column":17},"end":{"line":44,"column":42}},"type":"cond-expr","locations":[{"start":{"line":44,"column":27},"end":{"line":44,"column":31}},{"start":{"line":44,"column":34},"end":{"line":44,"column":42}}]}},"s":{"0":5,"1":5,"2":5,"3":5,"4":5,"5":5,"6":5,"7":228,"8":228,"9":5,"10":5},"f":{"0":228},"b":{"0":[228],"1":[0,228]}}
,"C:\\dev\\movie-ticket-booking-system\\src\\components\\ui\\card.tsx": {"path":"C:\\dev\\movie-ticket-booking-system\\src\\components\\ui\\card.tsx","statementMap":{"0":{"start":{"line":1,"column":0},"end":{"line":1,"column":30}},"1":{"start":{"line":3,"column":0},"end":{"line":3,"column":36}},"2":{"start":{"line":5,"column":13},"end":{"line":17,"column":2}},"3":{"start":{"line":9,"column":2},"end":{"line":15,"column":null}},"4":{"start":{"line":79,"column":9},"end":{"line":79,"column":13}},"5":{"start":{"line":18,"column":0},"end":{"line":18,"column":null}},"6":{"start":{"line":20,"column":19},"end":{"line":29,"column":2}},"7":{"start":{"line":24,"column":2},"end":{"line":27,"column":null}},"8":{"start":{"line":79,"column":15},"end":{"line":79,"column":25}},"9":{"start":{"line":30,"column":0},"end":{"line":30,"column":null}},"10":{"start":{"line":32,"column":18},"end":{"line":44,"column":2}},"11":{"start":{"line":36,"column":2},"end":{"line":42,"column":null}},"12":{"start":{"line":79,"column":39},"end":{"line":79,"column":48}},"13":{"start":{"line":45,"column":0},"end":{"line":45,"column":null}},"14":{"start":{"line":47,"column":24},"end":{"line":56,"column":2}},"15":{"start":{"line":51,"column":2},"end":{"line":54,"column":null}},"16":{"start":{"line":79,"column":50},"end":{"line":79,"column":65}},"17":{"start":{"line":57,"column":0},"end":{"line":57,"column":null}},"18":{"start":{"line":59,"column":20},"end":{"line":64,"column":2}},"19":{"start":{"line":63,"column":2},"end":{"line":63,"column":68}},"20":{"start":{"line":79,"column":67},"end":{"line":79,"column":78}},"21":{"start":{"line":65,"column":0},"end":{"line":65,"column":null}},"22":{"start":{"line":67,"column":19},"end":{"line":76,"column":2}},"23":{"start":{"line":71,"column":2},"end":{"line":74,"column":null}},"24":{"start":{"line":79,"column":27},"end":{"line":79,"column":37}},"25":{"start":{"line":77,"column":0},"end":{"line":77,"column":null}}},"fnMap":{"0":{"name":"(anonymous_9)","decl":{"start":{"line":8,"column":2},"end":{"line":8,"column":3}},"loc":{"start":{"line":9,"column":2},"end":{"line":15,"column":null}}},"1":{"name":"(anonymous_10)","decl":{"start":{"line":23,"column":2},"end":{"line":23,"column":3}},"loc":{"start":{"line":24,"column":2},"end":{"line":27,"column":null}}},"2":{"name":"(anonymous_11)","decl":{"start":{"line":35,"column":2},"end":{"line":35,"column":3}},"loc":{"start":{"line":36,"column":2},"end":{"line":42,"column":null}}},"3":{"name":"(anonymous_12)","decl":{"start":{"line":50,"column":2},"end":{"line":50,"column":3}},"loc":{"start":{"line":51,"column":2},"end":{"line":54,"column":null}}},"4":{"name":"(anonymous_13)","decl":{"start":{"line":62,"column":2},"end":{"line":62,"column":3}},"loc":{"start":{"line":63,"column":2},"end":{"line":63,"column":68}}},"5":{"name":"(anonymous_14)","decl":{"start":{"line":70,"column":2},"end":{"line":70,"column":3}},"loc":{"start":{"line":71,"column":2},"end":{"line":74,"column":null}}}},"branchMap":{},"s":{"0":3,"1":3,"2":3,"3":41,"4":3,"5":3,"6":3,"7":26,"8":3,"9":3,"10":3,"11":26,"12":3,"13":3,"14":3,"15":0,"16":3,"17":3,"18":3,"19":41,"20":3,"21":3,"22":3,"23":15,"24":3,"25":3},"f":{"0":41,"1":26,"2":26,"3":0,"4":41,"5":15},"b":{}}
,"C:\\dev\\movie-ticket-booking-system\\src\\components\\ui\\input.tsx": {"path":"C:\\dev\\movie-ticket-booking-system\\src\\components\\ui\\input.tsx","statementMap":{"0":{"start":{"line":1,"column":0},"end":{"line":1,"column":30}},"1":{"start":{"line":3,"column":0},"end":{"line":3,"column":36}},"2":{"start":{"line":5,"column":14},"end":{"line":18,"column":null}},"3":{"start":{"line":7,"column":4},"end":{"line":17,"column":null}},"4":{"start":{"line":22,"column":9},"end":{"line":22,"column":14}},"5":{"start":{"line":20,"column":0},"end":{"line":20,"column":null}}},"fnMap":{"0":{"name":"(anonymous_9)","decl":{"start":{"line":6,"column":2},"end":{"line":6,"column":3}},"loc":{"start":{"line":6,"column":41},"end":{"line":18,"column":3}}}},"branchMap":{},"s":{"0":2,"1":2,"2":2,"3":30,"4":2,"5":2},"f":{"0":30},"b":{}}
,"C:\\dev\\movie-ticket-booking-system\\src\\lib\\utils.ts": {"path":"C:\\dev\\movie-ticket-booking-system\\src\\lib\\utils.ts","statementMap":{"0":{"start":{"line":4,"column":0},"end":{"line":4,"column":16}},"1":{"start":{"line":1,"column":0},"end":{"line":1,"column":44}},"2":{"start":{"line":2,"column":0},"end":{"line":2,"column":40}},"3":{"start":{"line":5,"column":2},"end":{"line":5,"column":null}}},"fnMap":{"0":{"name":"cn","decl":{"start":{"line":4,"column":16},"end":{"line":4,"column":18}},"loc":{"start":{"line":4,"column":42},"end":{"line":6,"column":1}}}},"branchMap":{},"s":{"0":5,"1":5,"2":5,"3":716},"f":{"0":716},"b":{}}
,"C:\\dev\\movie-ticket-booking-system\\src\\pages\\BookingConfirmationPage.tsx": {"path":"C:\\dev\\movie-ticket-booking-system\\src\\pages\\BookingConfirmationPage.tsx","statementMap":{"0":{"start":{"line":11,"column":42},"end":{"line":170,"column":1}},"1":{"start":{"line":12,"column":19},"end":{"line":12,"column":32}},"2":{"start":{"line":13,"column":19},"end":{"line":13,"column":32}},"3":{"start":{"line":15,"column":73},"end":{"line":16,"column":null}},"4":{"start":{"line":16,"column":26},"end":{"line":16,"column":39}},"5":{"start":{"line":19,"column":2},"end":{"line":23,"column":65}},"6":{"start":{"line":20,"column":4},"end":{"line":22,"column":5}},"7":{"start":{"line":21,"column":6},"end":{"line":21,"column":20}},"8":{"start":{"line":25,"column":31},"end":{"line":30,"column":3}},"9":{"start":{"line":27,"column":4},"end":{"line":27,"column":79}},"10":{"start":{"line":28,"column":4},"end":{"line":28,"column":29}},"11":{"start":{"line":29,"column":4},"end":{"line":29,"column":18}},"12":{"start":{"line":37,"column":2},"end":{"line":45,"column":3}},"13":{"start":{"line":38,"column":4},"end":{"line":44,"column":6}},"14":{"start":{"line":47,"column":21},"end":{"line":53,"column":3}},"15":{"start":{"line":48,"column":4},"end":{"line":52,"column":7}},"16":{"start":{"line":55,"column":21},"end":{"line":62,"column":3}},"17":{"start":{"line":56,"column":4},"end":{"line":61,"column":7}},"18":{"start":{"line":64,"column":20},"end":{"line":64,"column":58}},"19":{"start":{"line":66,"column":2},"end":{"line":169,"column":4}},"20":{"start":{"line":91,"column":18},"end":{"line":91,"column":37}},"21":{"start":{"line":121,"column":16},"end":{"line":121,"column":35}},"22":{"start":{"line":151,"column":25},"end":{"line":151,"column":37}}},"fnMap":{"0":{"name":"(anonymous_0)","decl":{"start":{"line":11,"column":42},"end":{"line":11,"column":45}},"loc":{"start":{"line":11,"column":47},"end":{"line":170,"column":1}}},"1":{"name":"(anonymous_1)","decl":{"start":{"line":16,"column":4},"end":{"line":16,"column":5}},"loc":{"start":{"line":16,"column":26},"end":{"line":16,"column":39}}},"2":{"name":"(anonymous_2)","decl":{"start":{"line":19,"column":18},"end":{"line":19,"column":21}},"loc":{"start":{"line":19,"column":23},"end":{"line":23,"column":3}}},"3":{"name":"(anonymous_3)","decl":{"start":{"line":25,"column":31},"end":{"line":25,"column":34}},"loc":{"start":{"line":25,"column":36},"end":{"line":30,"column":3}}},"4":{"name":"(anonymous_4)","decl":{"start":{"line":47,"column":21},"end":{"line":47,"column":22}},"loc":{"start":{"line":47,"column":44},"end":{"line":53,"column":3}}},"5":{"name":"(anonymous_5)","decl":{"start":{"line":55,"column":21},"end":{"line":55,"column":22}},"loc":{"start":{"line":55,"column":44},"end":{"line":62,"column":3}}},"6":{"name":"(anonymous_6)","decl":{"start":{"line":90,"column":41},"end":{"line":90,"column":42}},"loc":{"start":{"line":91,"column":18},"end":{"line":91,"column":37}}},"7":{"name":"(anonymous_7)","decl":{"start":{"line":120,"column":33},"end":{"line":120,"column":34}},"loc":{"start":{"line":121,"column":16},"end":{"line":121,"column":35}}},"8":{"name":"(anonymous_8)","decl":{"start":{"line":151,"column":19},"end":{"line":151,"column":22}},"loc":{"start":{"line":151,"column":25},"end":{"line":151,"column":37}}}},"branchMap":{"0":{"loc":{"start":{"line":20,"column":4},"end":{"line":22,"column":5}},"type":"if","locations":[{"start":{"line":20,"column":4},"end":{"line":22,"column":5}},{"start":{},"end":{}}]},"1":{"loc":{"start":{"line":20,"column":8},"end":{"line":20,"column":73}},"type":"binary-expr","locations":[{"start":{"line":20,"column":8},"end":{"line":20,"column":22}},{"start":{"line":20,"column":26},"end":{"line":20,"column":43}},{"start":{"line":20,"column":47},"end":{"line":20,"column":73}}]},"2":{"loc":{"start":{"line":37,"column":2},"end":{"line":45,"column":3}},"type":"if","locations":[{"start":{"line":37,"column":2},"end":{"line":45,"column":3}},{"start":{},"end":{}}]},"3":{"loc":{"start":{"line":37,"column":6},"end":{"line":37,"column":71}},"type":"binary-expr","locations":[{"start":{"line":37,"column":6},"end":{"line":37,"column":20}},{"start":{"line":37,"column":24},"end":{"line":37,"column":41}},{"start":{"line":37,"column":45},"end":{"line":37,"column":71}}]}},"s":{"0":0,"1":0,"2":0,"3":0,"4":0,"5":0,"6":0,"7":0,"8":0,"9":0,"10":0,"11":0,"12":0,"13":0,"14":0,"15":0,"16":0,"17":0,"18":0,"19":0,"20":0,"21":0,"22":0},"f":{"0":0,"1":0,"2":0,"3":0,"4":0,"5":0,"6":0,"7":0,"8":0},"b":{"0":[0,0],"1":[0,0,0],"2":[0,0],"3":[0,0,0]}}
,"C:\\dev\\movie-ticket-booking-system\\src\\pages\\MoviesPage.tsx": {"path":"C:\\dev\\movie-ticket-booking-system\\src\\pages\\MoviesPage.tsx","statementMap":{"0":{"start":{"line":1,"column":0},"end":{"line":1,"column":41}},"1":{"start":{"line":2,"column":0},"end":{"line":2,"column":55}},"2":{"start":{"line":4,"column":0},"end":{"line":4,"column":48}},"3":{"start":{"line":5,"column":0},"end":{"line":5,"column":54}},"4":{"start":{"line":6,"column":0},"end":{"line":6,"column":43}},"5":{"start":{"line":7,"column":0},"end":{"line":7,"column":58}},"6":{"start":{"line":9,"column":29},"end":{"line":68,"column":1}},"7":{"start":{"line":10,"column":32},"end":{"line":10,"column":45}},"8":{"start":{"line":12,"column":45},"end":{"line":12,"column":92}},"9":{"start":{"line":12,"column":79},"end":{"line":12,"column":91}},"10":{"start":{"line":14,"column":2},"end":{"line":16,"column":17}},"11":{"start":{"line":15,"column":4},"end":{"line":15,"column":28}},"12":{"start":{"line":18,"column":2},"end":{"line":26,"column":3}},"13":{"start":{"line":19,"column":4},"end":{"line":25,"column":6}},"14":{"start":{"line":28,"column":2},"end":{"line":38,"column":3}},"15":{"start":{"line":29,"column":4},"end":{"line":37,"column":6}},"16":{"start":{"line":40,"column":2},"end":{"line":67,"column":4}},"17":{"start":{"line":62,"column":12},"end":{"line":62,"column":38}},"18":{"start":{"line":70,"column":0},"end":{"line":70,"column":26}}},"fnMap":{"0":{"name":"(anonymous_1)","decl":{"start":{"line":9,"column":29},"end":{"line":9,"column":32}},"loc":{"start":{"line":9,"column":34},"end":{"line":68,"column":1}}},"1":{"name":"(anonymous_2)","decl":{"start":{"line":12,"column":57},"end":{"line":12,"column":58}},"loc":{"start":{"line":12,"column":79},"end":{"line":12,"column":91}}},"2":{"name":"(anonymous_3)","decl":{"start":{"line":14,"column":12},"end":{"line":14,"column":15}},"loc":{"start":{"line":14,"column":17},"end":{"line":16,"column":3}}},"3":{"name":"(anonymous_4)","decl":{"start":{"line":61,"column":30},"end":{"line":61,"column":31}},"loc":{"start":{"line":62,"column":12},"end":{"line":62,"column":38}}}},"branchMap":{"0":{"loc":{"start":{"line":18,"column":2},"end":{"line":26,"column":3}},"type":"if","locations":[{"start":{"line":18,"column":2},"end":{"line":26,"column":3}},{"start":{},"end":{}}]},"1":{"loc":{"start":{"line":28,"column":2},"end":{"line":38,"column":3}},"type":"if","locations":[{"start":{"line":28,"column":2},"end":{"line":38,"column":3}},{"start":{},"end":{}}]},"2":{"loc":{"start":{"line":51,"column":7},"end":{"line":64,"column":null}},"type":"cond-expr","locations":[{"start":{"line":52,"column":8},"end":{"line":57,"column":null}},{"start":{"line":60,"column":8},"end":{"line":63,"column":null}}]}},"s":{"0":1,"1":1,"2":1,"3":1,"4":1,"5":1,"6":1,"7":18,"8":18,"9":36,"10":18,"11":5,"12":18,"13":5,"14":13,"15":1,"16":12,"17":10,"18":1},"f":{"0":18,"1":36,"2":5,"3":10},"b":{"0":[5,13],"1":[1,12],"2":[6,6]}}
,"C:\\dev\\movie-ticket-booking-system\\src\\pages\\SeatSelectionPage.tsx": {"path":"C:\\dev\\movie-ticket-booking-system\\src\\pages\\SeatSelectionPage.tsx","statementMap":{"0":{"start":{"line":1,"column":0},"end":{"line":1,"column":49}},"1":{"start":{"line":2,"column":0},"end":{"line":2,"column":58}},"2":{"start":{"line":3,"column":0},"end":{"line":3,"column":55}},"3":{"start":{"line":4,"column":0},"end":{"line":4,"column":49}},"4":{"start":{"line":5,"column":0},"end":{"line":5,"column":81}},"5":{"start":{"line":6,"column":0},"end":{"line":6,"column":44}},"6":{"start":{"line":8,"column":0},"end":{"line":8,"column":115}},"7":{"start":{"line":9,"column":0},"end":{"line":9,"column":68}},"8":{"start":{"line":10,"column":0},"end":{"line":10,"column":96}},"9":{"start":{"line":12,"column":36},"end":{"line":283,"column":1}},"10":{"start":{"line":13,"column":25},"end":{"line":13,"column":60}},"11":{"start":{"line":14,"column":19},"end":{"line":14,"column":32}},"12":{"start":{"line":15,"column":32},"end":{"line":15,"column":45}},"13":{"start":{"line":17,"column":28},"end":{"line":17,"column":55}},"14":{"start":{"line":25,"column":6},"end":{"line":25,"column":54}},"15":{"start":{"line":25,"column":40},"end":{"line":25,"column":53}},"16":{"start":{"line":27,"column":36},"end":{"line":27,"column":82}},"17":{"start":{"line":27,"column":70},"end":{"line":27,"column":81}},"18":{"start":{"line":29,"column":2},"end":{"line":81,"column":72}},"19":{"start":{"line":30,"column":29},"end":{"line":78,"column":5}},"20":{"start":{"line":33,"column":6},"end":{"line":35,"column":7}},"21":{"start":{"line":34,"column":8},"end":{"line":34,"column":15}},"22":{"start":{"line":38,"column":6},"end":{"line":77,"column":7}},"23":{"start":{"line":40,"column":8},"end":{"line":43,"column":9}},"24":{"start":{"line":41,"column":10},"end":{"line":41,"column":24}},"25":{"start":{"line":42,"column":10},"end":{"line":42,"column":17}},"26":{"start":{"line":45,"column":8},"end":{"line":70,"column":9}},"27":{"start":{"line":47,"column":35},"end":{"line":47,"column":95}},"28":{"start":{"line":49,"column":10},"end":{"line":51,"column":11}},"29":{"start":{"line":50,"column":12},"end":{"line":50,"column":50}},"30":{"start":{"line":52,"column":31},"end":{"line":52,"column":60}},"31":{"start":{"line":53,"column":10},"end":{"line":53,"column":62}},"32":{"start":{"line":55,"column":32},"end":{"line":55,"column":99}},"33":{"start":{"line":56,"column":10},"end":{"line":58,"column":11}},"34":{"start":{"line":57,"column":12},"end":{"line":57,"column":47}},"35":{"start":{"line":60,"column":28},"end":{"line":60,"column":54}},"36":{"start":{"line":62,"column":10},"end":{"line":62,"column":48}},"37":{"start":{"line":63,"column":10},"end":{"line":63,"column":54}},"38":{"start":{"line":65,"column":10},"end":{"line":65,"column":49}},"39":{"start":{"line":66,"column":10},"end":{"line":66,"column":59}},"40":{"start":{"line":68,"column":10},"end":{"line":68,"column":64}},"41":{"start":{"line":69,"column":10},"end":{"line":69,"column":24}},"42":{"start":{"line":73,"column":8},"end":{"line":76,"column":9}},"43":{"start":{"line":74,"column":10},"end":{"line":74,"column":49}},"44":{"start":{"line":75,"column":10},"end":{"line":75,"column":59}},"45":{"start":{"line":80,"column":4},"end":{"line":80,"column":23}},"46":{"start":{"line":84,"column":33},"end":{"line":106,"column":3}},"47":{"start":{"line":86,"column":4},"end":{"line":86,"column":43}},"48":{"start":{"line":86,"column":36},"end":{"line":86,"column":43}},"49":{"start":{"line":90,"column":27},"end":{"line":91,"column":null}},"50":{"start":{"line":91,"column":6},"end":{"line":91,"column":79}},"51":{"start":{"line":94,"column":4},"end":{"line":105,"column":5}},"52":{"start":{"line":96,"column":6},"end":{"line":96,"column":40}},"53":{"start":{"line":98,"column":6},"end":{"line":98,"column":40}},"54":{"start":{"line":101,"column":6},"end":{"line":101,"column":64}},"55":{"start":{"line":102,"column":6},"end":{"line":102,"column":55}},"56":{"start":{"line":104,"column":6},"end":{"line":104,"column":56}},"57":{"start":{"line":109,"column":31},"end":{"line":112,"column":3}},"58":{"start":{"line":111,"column":4},"end":{"line":111,"column":31}},"59":{"start":{"line":115,"column":2},"end":{"line":125,"column":3}},"60":{"start":{"line":116,"column":4},"end":{"line":124,"column":6}},"61":{"start":{"line":128,"column":2},"end":{"line":142,"column":3}},"62":{"start":{"line":129,"column":4},"end":{"line":141,"column":6}},"63":{"start":{"line":136,"column":35},"end":{"line":136,"column":60}},"64":{"start":{"line":136,"column":61},"end":{"line":136,"column":75}},"65":{"start":{"line":144,"column":2},"end":{"line":159,"column":3}},"66":{"start":{"line":145,"column":4},"end":{"line":158,"column":6}},"67":{"start":{"line":153,"column":35},"end":{"line":153,"column":60}},"68":{"start":{"line":153,"column":61},"end":{"line":153,"column":75}},"69":{"start":{"line":162,"column":21},"end":{"line":169,"column":3}},"70":{"start":{"line":164,"column":4},"end":{"line":168,"column":7}},"71":{"start":{"line":172,"column":21},"end":{"line":180,"column":3}},"72":{"start":{"line":174,"column":4},"end":{"line":179,"column":7}},"73":{"start":{"line":182,"column":2},"end":{"line":282,"column":4}},"74":{"start":{"line":187,"column":23},"end":{"line":187,"column":35}},"75":{"start":{"line":236,"column":22},"end":{"line":236,"column":41}},"76":{"start":{"line":285,"column":0},"end":{"line":285,"column":33}}},"fnMap":{"0":{"name":"(anonymous_1)","decl":{"start":{"line":12,"column":36},"end":{"line":12,"column":39}},"loc":{"start":{"line":12,"column":41},"end":{"line":283,"column":1}}},"1":{"name":"(anonymous_2)","decl":{"start":{"line":25,"column":18},"end":{"line":25,"column":19}},"loc":{"start":{"line":25,"column":40},"end":{"line":25,"column":53}}},"2":{"name":"(anonymous_3)","decl":{"start":{"line":27,"column":48},"end":{"line":27,"column":49}},"loc":{"start":{"line":27,"column":70},"end":{"line":27,"column":81}}},"3":{"name":"(anonymous_4)","decl":{"start":{"line":29,"column":12},"end":{"line":29,"column":15}},"loc":{"start":{"line":29,"column":17},"end":{"line":81,"column":3}}},"4":{"name":"(anonymous_5)","decl":{"start":{"line":30,"column":29},"end":{"line":30,"column":34}},"loc":{"start":{"line":30,"column":40},"end":{"line":78,"column":5}}},"5":{"name":"(anonymous_6)","decl":{"start":{"line":84,"column":33},"end":{"line":84,"column":38}},"loc":{"start":{"line":84,"column":44},"end":{"line":106,"column":3}}},"6":{"name":"(anonymous_7)","decl":{"start":{"line":90,"column":45},"end":{"line":90,"column":49}},"loc":{"start":{"line":91,"column":6},"end":{"line":91,"column":79}}},"7":{"name":"(anonymous_8)","decl":{"start":{"line":109,"column":31},"end":{"line":109,"column":34}},"loc":{"start":{"line":109,"column":36},"end":{"line":112,"column":3}}},"8":{"name":"(anonymous_9)","decl":{"start":{"line":136,"column":27},"end":{"line":136,"column":30}},"loc":{"start":{"line":136,"column":32},"end":{"line":136,"column":77}}},"9":{"name":"(anonymous_10)","decl":{"start":{"line":153,"column":27},"end":{"line":153,"column":30}},"loc":{"start":{"line":153,"column":32},"end":{"line":153,"column":77}}},"10":{"name":"(anonymous_11)","decl":{"start":{"line":162,"column":21},"end":{"line":162,"column":22}},"loc":{"start":{"line":162,"column":44},"end":{"line":169,"column":3}}},"11":{"name":"(anonymous_12)","decl":{"start":{"line":172,"column":21},"end":{"line":172,"column":22}},"loc":{"start":{"line":172,"column":44},"end":{"line":180,"column":3}}},"12":{"name":"(anonymous_13)","decl":{"start":{"line":187,"column":17},"end":{"line":187,"column":20}},"loc":{"start":{"line":187,"column":23},"end":{"line":187,"column":35}}},"13":{"name":"(anonymous_14)","decl":{"start":{"line":235,"column":39},"end":{"line":235,"column":40}},"loc":{"start":{"line":236,"column":22},"end":{"line":236,"column":41}}}},"branchMap":{"0":{"loc":{"start":{"line":33,"column":6},"end":{"line":35,"column":7}},"type":"if","locations":[{"start":{"line":33,"column":6},"end":{"line":35,"column":7}},{"start":{},"end":{}}]},"1":{"loc":{"start":{"line":38,"column":6},"end":{"line":77,"column":7}},"type":"if","locations":[{"start":{"line":38,"column":6},"end":{"line":77,"column":7}},{"start":{"line":71,"column":13},"end":{"line":77,"column":7}}]},"2":{"loc":{"start":{"line":38,"column":10},"end":{"line":38,"column":45}},"type":"binary-expr","locations":[{"start":{"line":38,"column":10},"end":{"line":38,"column":24}},{"start":{"line":38,"column":28},"end":{"line":38,"column":45}}]},"3":{"loc":{"start":{"line":40,"column":8},"end":{"line":43,"column":9}},"type":"if","locations":[{"start":{"line":40,"column":8},"end":{"line":43,"column":9}},{"start":{},"end":{}}]},"4":{"loc":{"start":{"line":49,"column":10},"end":{"line":51,"column":11}},"type":"if","locations":[{"start":{"line":49,"column":10},"end":{"line":51,"column":11}},{"start":{},"end":{}}]},"5":{"loc":{"start":{"line":56,"column":10},"end":{"line":58,"column":11}},"type":"if","locations":[{"start":{"line":56,"column":10},"end":{"line":58,"column":11}},{"start":{},"end":{}}]},"6":{"loc":{"start":{"line":73,"column":8},"end":{"line":76,"column":9}},"type":"if","locations":[{"start":{"line":73,"column":8},"end":{"line":76,"column":9}},{"start":{},"end":{}}]},"7":{"loc":{"start":{"line":73,"column":12},"end":{"line":73,"column":66}},"type":"binary-expr","locations":[{"start":{"line":73,"column":12},"end":{"line":73,"column":22}},{"start":{"line":73,"column":26},"end":{"line":73,"column":66}}]},"8":{"loc":{"start":{"line":86,"column":4},"end":{"line":86,"column":43}},"type":"if","locations":[{"start":{"line":86,"column":4},"end":{"line":86,"column":43}},{"start":{},"end":{}}]},"9":{"loc":{"start":{"line":115,"column":2},"end":{"line":125,"column":3}},"type":"if","locations":[{"start":{"line":115,"column":2},"end":{"line":125,"column":3}},{"start":{},"end":{}}]},"10":{"loc":{"start":{"line":128,"column":2},"end":{"line":142,"column":3}},"type":"if","locations":[{"start":{"line":128,"column":2},"end":{"line":142,"column":3}},{"start":{},"end":{}}]},"11":{"loc":{"start":{"line":144,"column":2},"end":{"line":159,"column":3}},"type":"if","locations":[{"start":{"line":144,"column":2},"end":{"line":159,"column":3}},{"start":{},"end":{}}]},"12":{"loc":{"start":{"line":144,"column":6},"end":{"line":144,"column":63}},"type":"binary-expr","locations":[{"start":{"line":144,"column":6},"end":{"line":144,"column":20}},{"start":{"line":144,"column":24},"end":{"line":144,"column":41}},{"start":{"line":144,"column":45},"end":{"line":144,"column":63}}]},"13":{"loc":{"start":{"line":231,"column":15},"end":{"line":242,"column":null}},"type":"binary-expr","locations":[{"start":{"line":231,"column":15},"end":{"line":231,"column":39}},{"start":{"line":232,"column":16},"end":{"line":241,"column":null}}]},"14":{"loc":{"start":{"line":260,"column":17},"end":{"line":267,"column":null}},"type":"binary-expr","locations":[{"start":{"line":260,"column":17},"end":{"line":260,"column":41}},{"start":{"line":261,"column":18},"end":{"line":264,"column":null}}]}},"s":{"0":1,"1":1,"2":1,"3":1,"4":1,"5":1,"6":1,"7":1,"8":1,"9":1,"10":22,"11":22,"12":22,"13":22,"14":22,"15":44,"16":22,"17":44,"18":22,"19":22,"20":22,"21":0,"22":22,"23":6,"24":6,"25":6,"26":0,"27":0,"28":0,"29":0,"30":0,"31":0,"32":0,"33":0,"34":0,"35":0,"36":0,"37":0,"38":0,"39":0,"40":0,"41":0,"42":16,"43":0,"44":0,"45":22,"46":22,"47":1,"48":0,"49":1,"50":1,"51":1,"52":1,"53":1,"54":0,"55":0,"56":0,"57":22,"58":0,"59":22,"60":1,"61":21,"62":3,"63":1,"64":1,"65":18,"66":5,"67":0,"68":0,"69":13,"70":26,"71":13,"72":26,"73":13,"74":1,"75":6,"76":1},"f":{"0":22,"1":44,"2":44,"3":22,"4":22,"5":1,"6":1,"7":0,"8":1,"9":0,"10":26,"11":26,"12":1,"13":6},"b":{"0":[0,22],"1":[6,16],"2":[22,16],"3":[6,0],"4":[0,0],"5":[0,0],"6":[0,16],"7":[16,0],"8":[0,1],"9":[1,21],"10":[3,18],"11":[5,13],"12":[18,14,14],"13":[13,5],"14":[13,5]}}
,"C:\\dev\\movie-ticket-booking-system\\src\\pages\\ShowtimesPage.tsx": {"path":"C:\\dev\\movie-ticket-booking-system\\src\\pages\\ShowtimesPage.tsx","statementMap":{"0":{"start":{"line":13,"column":32},"end":{"line":213,"column":1}},"1":{"start":{"line":14,"column":22},"end":{"line":14,"column":54}},"2":{"start":{"line":15,"column":19},"end":{"line":15,"column":32}},"3":{"start":{"line":16,"column":19},"end":{"line":16,"column":32}},"4":{"start":{"line":17,"column":28},"end":{"line":17,"column":76}},"5":{"start":{"line":17,"column":62},"end":{"line":17,"column":75}},"6":{"start":{"line":19,"column":28},"end":{"line":19,"column":65}},"7":{"start":{"line":20,"column":46},"end":{"line":20,"column":70}},"8":{"start":{"line":21,"column":42},"end":{"line":21,"column":65}},"9":{"start":{"line":22,"column":32},"end":{"line":22,"column":46}},"10":{"start":{"line":23,"column":28},"end":{"line":23,"column":57}},"11":{"start":{"line":25,"column":2},"end":{"line":74,"column":36}},"12":{"start":{"line":26,"column":30},"end":{"line":71,"column":5}},"13":{"start":{"line":27,"column":6},"end":{"line":30,"column":7}},"14":{"start":{"line":28,"column":8},"end":{"line":28,"column":22}},"15":{"start":{"line":29,"column":8},"end":{"line":29,"column":15}},"16":{"start":{"line":32,"column":6},"end":{"line":32,"column":23}},"17":{"start":{"line":33,"column":6},"end":{"line":33,"column":21}},"18":{"start":{"line":35,"column":6},"end":{"line":70,"column":7}},"19":{"start":{"line":37,"column":30},"end":{"line":37,"column":84}},"20":{"start":{"line":38,"column":8},"end":{"line":40,"column":9}},"21":{"start":{"line":39,"column":10},"end":{"line":39,"column":45}},"22":{"start":{"line":41,"column":36},"end":{"line":41,"column":62}},"23":{"start":{"line":42,"column":8},"end":{"line":42,"column":31}},"24":{"start":{"line":43,"column":8},"end":{"line":43,"column":49}},"25":{"start":{"line":46,"column":34},"end":{"line":46,"column":99}},"26":{"start":{"line":47,"column":8},"end":{"line":49,"column":9}},"27":{"start":{"line":48,"column":10},"end":{"line":48,"column":49}},"28":{"start":{"line":50,"column":45},"end":{"line":50,"column":75}},"29":{"start":{"line":51,"column":8},"end":{"line":51,"column":44}},"30":{"start":{"line":54,"column":33},"end":{"line":54,"column":78}},"31":{"start":{"line":55,"column":8},"end":{"line":57,"column":9}},"32":{"start":{"line":56,"column":10},"end":{"line":56,"column":48}},"33":{"start":{"line":58,"column":43},"end":{"line":58,"column":72}},"34":{"start":{"line":59,"column":8},"end":{"line":59,"column":41}},"35":{"start":{"line":62,"column":8},"end":{"line":66,"column":9}},"36":{"start":{"line":63,"column":10},"end":{"line":63,"column":67}},"37":{"start":{"line":65,"column":10},"end":{"line":65,"column":52}},"38":{"start":{"line":67,"column":8},"end":{"line":67,"column":60}},"39":{"start":{"line":69,"column":8},"end":{"line":69,"column":26}},"40":{"start":{"line":73,"column":4},"end":{"line":73,"column":24}},"41":{"start":{"line":76,"column":2},"end":{"line":84,"column":3}},"42":{"start":{"line":77,"column":4},"end":{"line":83,"column":6}},"43":{"start":{"line":86,"column":2},"end":{"line":99,"column":3}},"44":{"start":{"line":87,"column":4},"end":{"line":98,"column":6}},"45":{"start":{"line":93,"column":33},"end":{"line":93,"column":46}},"46":{"start":{"line":101,"column":2},"end":{"line":116,"column":3}},"47":{"start":{"line":102,"column":4},"end":{"line":115,"column":6}},"48":{"start":{"line":110,"column":33},"end":{"line":110,"column":46}},"49":{"start":{"line":118,"column":25},"end":{"line":122,"column":3}},"50":{"start":{"line":119,"column":18},"end":{"line":119,"column":42}},"51":{"start":{"line":120,"column":17},"end":{"line":120,"column":29}},"52":{"start":{"line":121,"column":4},"end":{"line":121,"column":32}},"53":{"start":{"line":124,"column":2},"end":{"line":212,"column":4}},"54":{"start":{"line":129,"column":23},"end":{"line":129,"column":36}},"55":{"start":{"line":144,"column":12},"end":{"line":144,"column":43}},"56":{"start":{"line":145,"column":12},"end":{"line":145,"column":51}},"57":{"start":{"line":154,"column":16},"end":{"line":154,"column":35}},"58":{"start":{"line":199,"column":30},"end":{"line":199,"column":81}},"59":{"start":{"line":199,"column":53},"end":{"line":199,"column":80}},"60":{"start":{"line":200,"column":14},"end":{"line":206,"column":23}}},"fnMap":{"0":{"name":"(anonymous_0)","decl":{"start":{"line":13,"column":32},"end":{"line":13,"column":35}},"loc":{"start":{"line":13,"column":37},"end":{"line":213,"column":1}}},"1":{"name":"(anonymous_1)","decl":{"start":{"line":17,"column":40},"end":{"line":17,"column":41}},"loc":{"start":{"line":17,"column":62},"end":{"line":17,"column":75}}},"2":{"name":"(anonymous_2)","decl":{"start":{"line":25,"column":12},"end":{"line":25,"column":15}},"loc":{"start":{"line":25,"column":17},"end":{"line":74,"column":3}}},"3":{"name":"(anonymous_3)","decl":{"start":{"line":26,"column":30},"end":{"line":26,"column":35}},"loc":{"start":{"line":26,"column":41},"end":{"line":71,"column":5}}},"4":{"name":"(anonymous_4)","decl":{"start":{"line":93,"column":27},"end":{"line":93,"column":30}},"loc":{"start":{"line":93,"column":33},"end":{"line":93,"column":46}}},"5":{"name":"(anonymous_5)","decl":{"start":{"line":110,"column":27},"end":{"line":110,"column":30}},"loc":{"start":{"line":110,"column":33},"end":{"line":110,"column":46}}},"6":{"name":"(anonymous_6)","decl":{"start":{"line":118,"column":25},"end":{"line":118,"column":26}},"loc":{"start":{"line":118,"column":45},"end":{"line":122,"column":3}}},"7":{"name":"(anonymous_7)","decl":{"start":{"line":129,"column":17},"end":{"line":129,"column":20}},"loc":{"start":{"line":129,"column":23},"end":{"line":129,"column":36}}},"8":{"name":"(anonymous_8)","decl":{"start":{"line":143,"column":19},"end":{"line":143,"column":20}},"loc":{"start":{"line":143,"column":25},"end":{"line":146,"column":11}}},"9":{"name":"(anonymous_9)","decl":{"start":{"line":153,"column":31},"end":{"line":153,"column":32}},"loc":{"start":{"line":154,"column":16},"end":{"line":154,"column":35}}},"10":{"name":"(anonymous_10)","decl":{"start":{"line":198,"column":32},"end":{"line":198,"column":33}},"loc":{"start":{"line":198,"column":45},"end":{"line":207,"column":13}}},"11":{"name":"(anonymous_11)","decl":{"start":{"line":199,"column":48},"end":{"line":199,"column":49}},"loc":{"start":{"line":199,"column":53},"end":{"line":199,"column":80}}}},"branchMap":{"0":{"loc":{"start":{"line":27,"column":6},"end":{"line":30,"column":7}},"type":"if","locations":[{"start":{"line":27,"column":6},"end":{"line":30,"column":7}},{"start":{},"end":{}}]},"1":{"loc":{"start":{"line":38,"column":8},"end":{"line":40,"column":9}},"type":"if","locations":[{"start":{"line":38,"column":8},"end":{"line":40,"column":9}},{"start":{},"end":{}}]},"2":{"loc":{"start":{"line":47,"column":8},"end":{"line":49,"column":9}},"type":"if","locations":[{"start":{"line":47,"column":8},"end":{"line":49,"column":9}},{"start":{},"end":{}}]},"3":{"loc":{"start":{"line":55,"column":8},"end":{"line":57,"column":9}},"type":"if","locations":[{"start":{"line":55,"column":8},"end":{"line":57,"column":9}},{"start":{},"end":{}}]},"4":{"loc":{"start":{"line":62,"column":8},"end":{"line":66,"column":9}},"type":"if","locations":[{"start":{"line":62,"column":8},"end":{"line":66,"column":9}},{"start":{"line":64,"column":15},"end":{"line":66,"column":9}}]},"5":{"loc":{"start":{"line":63,"column":19},"end":{"line":63,"column":65}},"type":"binary-expr","locations":[{"start":{"line":63,"column":19},"end":{"line":63,"column":30}},{"start":{"line":63,"column":34},"end":{"line":63,"column":65}}]},"6":{"loc":{"start":{"line":76,"column":2},"end":{"line":84,"column":3}},"type":"if","locations":[{"start":{"line":76,"column":2},"end":{"line":84,"column":3}},{"start":{},"end":{}}]},"7":{"loc":{"start":{"line":86,"column":2},"end":{"line":99,"column":3}},"type":"if","locations":[{"start":{"line":86,"column":2},"end":{"line":99,"column":3}},{"start":{},"end":{}}]},"8":{"loc":{"start":{"line":101,"column":2},"end":{"line":116,"column":3}},"type":"if","locations":[{"start":{"line":101,"column":2},"end":{"line":116,"column":3}},{"start":{},"end":{}}]},"9":{"loc":{"start":{"line":190,"column":9},"end":{"line":208,"column":null}},"type":"cond-expr","locations":[{"start":{"line":191,"column":10},"end":{"line":194,"column":null}},{"start":{"line":197,"column":10},"end":{"line":207,"column":null}}]},"10":{"loc":{"start":{"line":200,"column":21},"end":{"line":206,"column":22}},"type":"cond-expr","locations":[{"start":{"line":201,"column":16},"end":{"line":202,"column":null}},{"start":{"line":206,"column":18},"end":{"line":206,"column":22}}]}},"s":{"0":0,"1":0,"2":0,"3":0,"4":0,"5":0,"6":0,"7":0,"8":0,"9":0,"10":0,"11":0,"12":0,"13":0,"14":0,"15":0,"16":0,"17":0,"18":0,"19":0,"20":0,"21":0,"22":0,"23":0,"24":0,"25":0,"26":0,"27":0,"28":0,"29":0,"30":0,"31":0,"32":0,"33":0,"34":0,"35":0,"36":0,"37":0,"38":0,"39":0,"40":0,"41":0,"42":0,"43":0,"44":0,"45":0,"46":0,"47":0,"48":0,"49":0,"50":0,"51":0,"52":0,"53":0,"54":0,"55":0,"56":0,"57":0,"58":0,"59":0,"60":0},"f":{"0":0,"1":0,"2":0,"3":0,"4":0,"5":0,"6":0,"7":0,"8":0,"9":0,"10":0,"11":0},"b":{"0":[0,0],"1":[0,0],"2":[0,0],"3":[0,0],"4":[0,0],"5":[0,0],"6":[0,0],"7":[0,0],"8":[0,0],"9":[0,0],"10":[0,0]}}
,"C:\\dev\\movie-ticket-booking-system\\src\\store\\index.ts": {"path":"C:\\dev\\movie-ticket-booking-system\\src\\store\\index.ts","statementMap":{"0":{"start":{"line":6,"column":21},"end":{"line":12,"column":2}}},"fnMap":{},"branchMap":{},"s":{"0":0},"f":{},"b":{}}
,"C:\\dev\\movie-ticket-booking-system\\src\\store\\slices\\bookingSlice.ts": {"path":"C:\\dev\\movie-ticket-booking-system\\src\\store\\slices\\bookingSlice.ts","statementMap":{"0":{"start":{"line":1,"column":0},"end":{"line":1,"column":66}},"1":{"start":{"line":4,"column":35},"end":{"line":9,"column":2}},"2":{"start":{"line":11,"column":21},"end":{"line":44,"column":2}},"3":{"start":{"line":16,"column":6},"end":{"line":16,"column":43}},"4":{"start":{"line":19,"column":6},"end":{"line":19,"column":46}},"5":{"start":{"line":22,"column":19},"end":{"line":22,"column":33}},"6":{"start":{"line":23,"column":28},"end":{"line":23,"column":80}},"7":{"start":{"line":23,"column":63},"end":{"line":23,"column":79}},"8":{"start":{"line":25,"column":6},"end":{"line":29,"column":7}},"9":{"start":{"line":26,"column":8},"end":{"line":26,"column":53}},"10":{"start":{"line":28,"column":8},"end":{"line":28,"column":64}},"11":{"start":{"line":31,"column":6},"end":{"line":31,"column":92}},"12":{"start":{"line":31,"column":69},"end":{"line":31,"column":87}},"13":{"start":{"line":34,"column":6},"end":{"line":34,"column":31}},"14":{"start":{"line":35,"column":6},"end":{"line":35,"column":27}},"15":{"start":{"line":38,"column":6},"end":{"line":38,"column":33}},"16":{"start":{"line":39,"column":6},"end":{"line":39,"column":36}},"17":{"start":{"line":40,"column":6},"end":{"line":40,"column":31}},"18":{"start":{"line":41,"column":6},"end":{"line":41,"column":27}},"19":{"start":{"line":46,"column":13},"end":{"line":51,"column":null}},"20":{"start":{"line":54,"column":0},"end":{"line":54,"column":36}}},"fnMap":{"0":{"name":"(anonymous_0)","decl":{"start":{"line":15,"column":22},"end":{"line":15,"column":23}},"loc":{"start":{"line":15,"column":62},"end":{"line":17,"column":5}}},"1":{"name":"(anonymous_1)","decl":{"start":{"line":18,"column":25},"end":{"line":18,"column":26}},"loc":{"start":{"line":18,"column":68},"end":{"line":20,"column":5}}},"2":{"name":"(anonymous_2)","decl":{"start":{"line":21,"column":25},"end":{"line":21,"column":26}},"loc":{"start":{"line":21,"column":64},"end":{"line":32,"column":5}}},"3":{"name":"(anonymous_3)","decl":{"start":{"line":23,"column":58},"end":{"line":23,"column":59}},"loc":{"start":{"line":23,"column":63},"end":{"line":23,"column":79}}},"4":{"name":"(anonymous_4)","decl":{"start":{"line":31,"column":52},"end":{"line":31,"column":53}},"loc":{"start":{"line":31,"column":69},"end":{"line":31,"column":87}}},"5":{"name":"(anonymous_5)","decl":{"start":{"line":33,"column":20},"end":{"line":33,"column":21}},"loc":{"start":{"line":33,"column":30},"end":{"line":36,"column":5}}},"6":{"name":"(anonymous_6)","decl":{"start":{"line":37,"column":18},"end":{"line":37,"column":19}},"loc":{"start":{"line":37,"column":28},"end":{"line":42,"column":5}}}},"branchMap":{"0":{"loc":{"start":{"line":25,"column":6},"end":{"line":29,"column":7}},"type":"if","locations":[{"start":{"line":25,"column":6},"end":{"line":29,"column":7}},{"start":{"line":27,"column":13},"end":{"line":29,"column":7}}]}},"s":{"0":3,"1":3,"2":3,"3":0,"4":0,"5":9,"6":9,"7":3,"8":9,"9":2,"10":7,"11":9,"12":8,"13":0,"14":0,"15":1,"16":1,"17":1,"18":1,"19":3,"20":3},"f":{"0":0,"1":0,"2":9,"3":3,"4":8,"5":0,"6":1},"b":{"0":[2,7]}}
,"C:\\dev\\movie-ticket-booking-system\\src\\store\\slices\\moviesSlice.ts": {"path":"C:\\dev\\movie-ticket-booking-system\\src\\store\\slices\\moviesSlice.ts","statementMap":{"0":{"start":{"line":1,"column":0},"end":{"line":1,"column":85}},"1":{"start":{"line":15,"column":34},"end":{"line":23,"column":2}},"2":{"start":{"line":26,"column":13},"end":{"line":44,"column":2}},"3":{"start":{"line":29,"column":4},"end":{"line":42,"column":5}},"4":{"start":{"line":30,"column":23},"end":{"line":30,"column":66}},"5":{"start":{"line":31,"column":6},"end":{"line":33,"column":7}},"6":{"start":{"line":32,"column":8},"end":{"line":32,"column":50}},"7":{"start":{"line":34,"column":28},"end":{"line":34,"column":49}},"8":{"start":{"line":35,"column":6},"end":{"line":35,"column":18}},"9":{"start":{"line":37,"column":25},"end":{"line":37,"column":52}},"10":{"start":{"line":38,"column":6},"end":{"line":40,"column":7}},"11":{"start":{"line":39,"column":8},"end":{"line":39,"column":37}},"12":{"start":{"line":41,"column":6},"end":{"line":41,"column":43}},"13":{"start":{"line":46,"column":20},"end":{"line":87,"column":2}},"14":{"start":{"line":51,"column":6},"end":{"line":51,"column":41}},"15":{"start":{"line":52,"column":6},"end":{"line":52,"column":26}},"16":{"start":{"line":55,"column":6},"end":{"line":55,"column":44}},"17":{"start":{"line":56,"column":6},"end":{"line":56,"column":26}},"18":{"start":{"line":59,"column":6},"end":{"line":59,"column":45}},"19":{"start":{"line":60,"column":6},"end":{"line":60,"column":26}},"20":{"start":{"line":63,"column":6},"end":{"line":63,"column":32}},"21":{"start":{"line":64,"column":6},"end":{"line":64,"column":33}},"22":{"start":{"line":65,"column":6},"end":{"line":65,"column":29}},"23":{"start":{"line":66,"column":6},"end":{"line":66,"column":42}},"24":{"start":{"line":70,"column":4},"end":{"line":85,"column":9}},"25":{"start":{"line":72,"column":8},"end":{"line":72,"column":29}},"26":{"start":{"line":73,"column":8},"end":{"line":73,"column":27}},"27":{"start":{"line":76,"column":8},"end":{"line":76,"column":30}},"28":{"start":{"line":77,"column":8},"end":{"line":77,"column":38}},"29":{"start":{"line":78,"column":8},"end":{"line":78,"column":28}},"30":{"start":{"line":81,"column":8},"end":{"line":81,"column":30}},"31":{"start":{"line":82,"column":8},"end":{"line":82,"column":63}},"32":{"start":{"line":83,"column":8},"end":{"line":83,"column":26}},"33":{"start":{"line":84,"column":8},"end":{"line":84,"column":34}},"34":{"start":{"line":89,"column":21},"end":{"line":114,"column":1}},"35":{"start":{"line":90,"column":17},"end":{"line":90,"column":29}},"36":{"start":{"line":93,"column":2},"end":{"line":97,"column":3}},"37":{"start":{"line":94,"column":4},"end":{"line":96,"column":6}},"38":{"start":{"line":95,"column":6},"end":{"line":95,"column":73}},"39":{"start":{"line":100,"column":2},"end":{"line":104,"column":3}},"40":{"start":{"line":101,"column":4},"end":{"line":103,"column":6}},"41":{"start":{"line":102,"column":6},"end":{"line":102,"column":69}},"42":{"start":{"line":102,"column":32},"end":{"line":102,"column":68}},"43":{"start":{"line":107,"column":2},"end":{"line":111,"column":3}},"44":{"start":{"line":108,"column":4},"end":{"line":110,"column":6}},"45":{"start":{"line":109,"column":6},"end":{"line":109,"column":50}},"46":{"start":{"line":113,"column":2},"end":{"line":113,"column":34}},"47":{"start":{"line":116,"column":13},"end":{"line":116,"column":87}},"48":{"start":{"line":117,"column":0},"end":{"line":117,"column":35}}},"fnMap":{"0":{"name":"(anonymous_0)","decl":{"start":{"line":28,"column":2},"end":{"line":28,"column":7}},"loc":{"start":{"line":28,"column":35},"end":{"line":43,"column":3}}},"1":{"name":"(anonymous_1)","decl":{"start":{"line":50,"column":20},"end":{"line":50,"column":21}},"loc":{"start":{"line":50,"column":61},"end":{"line":53,"column":5}}},"2":{"name":"(anonymous_2)","decl":{"start":{"line":54,"column":23},"end":{"line":54,"column":24}},"loc":{"start":{"line":54,"column":66},"end":{"line":57,"column":5}}},"3":{"name":"(anonymous_3)","decl":{"start":{"line":58,"column":24},"end":{"line":58,"column":25}},"loc":{"start":{"line":58,"column":67},"end":{"line":61,"column":5}}},"4":{"name":"(anonymous_4)","decl":{"start":{"line":62,"column":18},"end":{"line":62,"column":19}},"loc":{"start":{"line":62,"column":28},"end":{"line":67,"column":5}}},"5":{"name":"(anonymous_5)","decl":{"start":{"line":69,"column":17},"end":{"line":69,"column":18}},"loc":{"start":{"line":69,"column":29},"end":{"line":86,"column":3}}},"6":{"name":"(anonymous_6)","decl":{"start":{"line":71,"column":36},"end":{"line":71,"column":37}},"loc":{"start":{"line":71,"column":46},"end":{"line":74,"column":7}}},"7":{"name":"(anonymous_7)","decl":{"start":{"line":75,"column":38},"end":{"line":75,"column":39}},"loc":{"start":{"line":75,"column":80},"end":{"line":79,"column":7}}},"8":{"name":"(anonymous_8)","decl":{"start":{"line":80,"column":37},"end":{"line":80,"column":38}},"loc":{"start":{"line":80,"column":55},"end":{"line":85,"column":7}}},"9":{"name":"(anonymous_9)","decl":{"start":{"line":89,"column":21},"end":{"line":89,"column":22}},"loc":{"start":{"line":89,"column":44},"end":{"line":114,"column":1}}},"10":{"name":"(anonymous_10)","decl":{"start":{"line":94,"column":31},"end":{"line":94,"column":36}},"loc":{"start":{"line":95,"column":6},"end":{"line":95,"column":73}}},"11":{"name":"(anonymous_11)","decl":{"start":{"line":101,"column":31},"end":{"line":101,"column":36}},"loc":{"start":{"line":102,"column":6},"end":{"line":102,"column":69}}},"12":{"name":"(anonymous_12)","decl":{"start":{"line":102,"column":23},"end":{"line":102,"column":28}},"loc":{"start":{"line":102,"column":32},"end":{"line":102,"column":68}}},"13":{"name":"(anonymous_13)","decl":{"start":{"line":108,"column":31},"end":{"line":108,"column":36}},"loc":{"start":{"line":109,"column":6},"end":{"line":109,"column":50}}}},"branchMap":{"0":{"loc":{"start":{"line":31,"column":6},"end":{"line":33,"column":7}},"type":"if","locations":[{"start":{"line":31,"column":6},"end":{"line":33,"column":7}},{"start":{},"end":{}}]},"1":{"loc":{"start":{"line":38,"column":6},"end":{"line":40,"column":7}},"type":"if","locations":[{"start":{"line":38,"column":6},"end":{"line":40,"column":7}},{"start":{},"end":{}}]},"2":{"loc":{"start":{"line":82,"column":22},"end":{"line":82,"column":62}},"type":"binary-expr","locations":[{"start":{"line":82,"column":22},"end":{"line":82,"column":36}},{"start":{"line":82,"column":40},"end":{"line":82,"column":62}}]},"3":{"loc":{"start":{"line":93,"column":2},"end":{"line":97,"column":3}},"type":"if","locations":[{"start":{"line":93,"column":2},"end":{"line":97,"column":3}},{"start":{},"end":{}}]},"4":{"loc":{"start":{"line":100,"column":2},"end":{"line":104,"column":3}},"type":"if","locations":[{"start":{"line":100,"column":2},"end":{"line":104,"column":3}},{"start":{},"end":{}}]},"5":{"loc":{"start":{"line":107,"column":2},"end":{"line":111,"column":3}},"type":"if","locations":[{"start":{"line":107,"column":2},"end":{"line":111,"column":3}},{"start":{},"end":{}}]}},"s":{"0":5,"1":5,"2":5,"3":5,"4":5,"5":4,"6":0,"7":4,"8":4,"9":1,"10":1,"11":1,"12":1,"13":5,"14":5,"15":5,"16":7,"17":7,"18":6,"19":6,"20":2,"21":2,"22":2,"23":2,"24":5,"25":6,"26":6,"27":9,"28":9,"29":9,"30":2,"31":2,"32":2,"33":2,"34":5,"35":27,"36":27,"37":7,"38":15,"39":27,"40":9,"41":23,"42":24,"43":27,"44":7,"45":18,"46":27,"47":5,"48":5},"f":{"0":5,"1":5,"2":7,"3":6,"4":2,"5":5,"6":6,"7":9,"8":2,"9":27,"10":15,"11":23,"12":24,"13":18},"b":{"0":[0,4],"1":[1,0],"2":[2,0],"3":[7,20],"4":[9,18],"5":[7,20]}}
,"C:\\dev\\movie-ticket-booking-system\\src\\store\\slices\\seatsSlice.ts": {"path":"C:\\dev\\movie-ticket-booking-system\\src\\store\\slices\\seatsSlice.ts","statementMap":{"0":{"start":{"line":1,"column":0},"end":{"line":1,"column":85}},"1":{"start":{"line":12,"column":33},"end":{"line":17,"column":2}},"2":{"start":{"line":20,"column":29},"end":{"line":44,"column":1}},"3":{"start":{"line":21,"column":24},"end":{"line":21,"column":26}},"4":{"start":{"line":22,"column":15},"end":{"line":22,"column":55}},"5":{"start":{"line":23,"column":22},"end":{"line":23,"column":24}},"6":{"start":{"line":25,"column":2},"end":{"line":41,"column":5}},"7":{"start":{"line":26,"column":4},"end":{"line":40,"column":5}},"8":{"start":{"line":26,"column":26},"end":{"line":26,"column":27}},"9":{"start":{"line":27,"column":23},"end":{"line":27,"column":82}},"10":{"start":{"line":28,"column":24},"end":{"line":28,"column":91}},"11":{"start":{"line":30,"column":6},"end":{"line":39,"column":9}},"12":{"start":{"line":43,"column":2},"end":{"line":43,"column":15}},"13":{"start":{"line":20,"column":13},"end":{"line":20,"column":29}},"14":{"start":{"line":47,"column":13},"end":{"line":67,"column":2}},"15":{"start":{"line":50,"column":4},"end":{"line":65,"column":5}},"16":{"start":{"line":51,"column":23},"end":{"line":51,"column":90}},"17":{"start":{"line":52,"column":6},"end":{"line":55,"column":7}},"18":{"start":{"line":54,"column":8},"end":{"line":54,"column":64}},"19":{"start":{"line":56,"column":27},"end":{"line":56,"column":48}},"20":{"start":{"line":58,"column":6},"end":{"line":58,"column":18}},"21":{"start":{"line":61,"column":6},"end":{"line":63,"column":7}},"22":{"start":{"line":62,"column":8},"end":{"line":62,"column":46}},"23":{"start":{"line":64,"column":6},"end":{"line":64,"column":80}},"24":{"start":{"line":70,"column":13},"end":{"line":131,"column":2}},"25":{"start":{"line":73,"column":4},"end":{"line":73,"column":74}},"26":{"start":{"line":76,"column":18},"end":{"line":76,"column":28}},"27":{"start":{"line":77,"column":4},"end":{"line":80,"column":5}},"28":{"start":{"line":78,"column":6},"end":{"line":78,"column":73}},"29":{"start":{"line":79,"column":6},"end":{"line":79,"column":31}},"30":{"start":{"line":83,"column":34},"end":{"line":83,"column":84}},"31":{"start":{"line":85,"column":4},"end":{"line":129,"column":5}},"32":{"start":{"line":86,"column":6},"end":{"line":86,"column":83}},"33":{"start":{"line":88,"column":6},"end":{"line":125,"column":7}},"34":{"start":{"line":90,"column":8},"end":{"line":90,"column":44}},"35":{"start":{"line":91,"column":8},"end":{"line":91,"column":45}},"36":{"start":{"line":94,"column":8},"end":{"line":94,"column":68}},"37":{"start":{"line":95,"column":25},"end":{"line":95,"column":50}},"38":{"start":{"line":97,"column":8},"end":{"line":124,"column":9}},"39":{"start":{"line":98,"column":10},"end":{"line":98,"column":86}},"40":{"start":{"line":101,"column":33},"end":{"line":111,"column":null}},"41":{"start":{"line":102,"column":12},"end":{"line":111,"column":14}},"42":{"start":{"line":107,"column":14},"end":{"line":109,"column":15}},"43":{"start":{"line":108,"column":16},"end":{"line":108,"column":92}},"44":{"start":{"line":110,"column":14},"end":{"line":110,"column":37}},"45":{"start":{"line":114,"column":31},"end":{"line":114,"column":64}},"46":{"start":{"line":116,"column":10},"end":{"line":116,"column":75}},"47":{"start":{"line":117,"column":10},"end":{"line":117,"column":30}},"48":{"start":{"line":119,"column":10},"end":{"line":119,"column":56}},"49":{"start":{"line":120,"column":10},"end":{"line":122,"column":11}},"50":{"start":{"line":121,"column":12},"end":{"line":121,"column":82}},"51":{"start":{"line":123,"column":10},"end":{"line":123,"column":63}},"52":{"start":{"line":128,"column":6},"end":{"line":128,"column":119}},"53":{"start":{"line":134,"column":13},"end":{"line":155,"column":2}},"54":{"start":{"line":137,"column":4},"end":{"line":153,"column":5}},"55":{"start":{"line":138,"column":23},"end":{"line":142,"column":8}},"56":{"start":{"line":143,"column":6},"end":{"line":145,"column":7}},"57":{"start":{"line":144,"column":8},"end":{"line":144,"column":59}},"58":{"start":{"line":146,"column":32},"end":{"line":146,"column":53}},"59":{"start":{"line":147,"column":6},"end":{"line":147,"column":25}},"60":{"start":{"line":149,"column":6},"end":{"line":151,"column":7}},"61":{"start":{"line":150,"column":8},"end":{"line":150,"column":86}},"62":{"start":{"line":152,"column":6},"end":{"line":152,"column":67}},"63":{"start":{"line":157,"column":19},"end":{"line":210,"column":2}},"64":{"start":{"line":163,"column":6},"end":{"line":163,"column":23}},"65":{"start":{"line":164,"column":6},"end":{"line":164,"column":25}},"66":{"start":{"line":168,"column":4},"end":{"line":208,"column":9}},"67":{"start":{"line":170,"column":8},"end":{"line":170,"column":29}},"68":{"start":{"line":171,"column":8},"end":{"line":171,"column":27}},"69":{"start":{"line":174,"column":8},"end":{"line":174,"column":30}},"70":{"start":{"line":175,"column":8},"end":{"line":175,"column":37}},"71":{"start":{"line":178,"column":8},"end":{"line":178,"column":30}},"72":{"start":{"line":179,"column":8},"end":{"line":179,"column":78}},"73":{"start":{"line":180,"column":8},"end":{"line":180,"column":25}},"74":{"start":{"line":183,"column":8},"end":{"line":183,"column":29}},"75":{"start":{"line":184,"column":8},"end":{"line":184,"column":27}},"76":{"start":{"line":186,"column":8},"end":{"line":186,"column":50}},"77":{"start":{"line":189,"column":8},"end":{"line":189,"column":30}},"78":{"start":{"line":190,"column":8},"end":{"line":190,"column":37}},"79":{"start":{"line":194,"column":8},"end":{"line":194,"column":30}},"80":{"start":{"line":195,"column":8},"end":{"line":195,"column":82}},"81":{"start":{"line":196,"column":8},"end":{"line":196,"column":25}},"82":{"start":{"line":197,"column":8},"end":{"line":197,"column":39}},"83":{"start":{"line":200,"column":22},"end":{"line":200,"column":82}},"84":{"start":{"line":200,"column":52},"end":{"line":200,"column":81}},"85":{"start":{"line":201,"column":8},"end":{"line":203,"column":9}},"86":{"start":{"line":202,"column":10},"end":{"line":202,"column":46}},"87":{"start":{"line":206,"column":8},"end":{"line":206,"column":77}},"88":{"start":{"line":212,"column":15},"end":{"line":212,"column":49}},"89":{"start":{"line":214,"column":0},"end":{"line":214,"column":34}}},"fnMap":{"0":{"name":"(anonymous_0)","decl":{"start":{"line":20,"column":29},"end":{"line":20,"column":30}},"loc":{"start":{"line":20,"column":60},"end":{"line":44,"column":1}}},"1":{"name":"(anonymous_1)","decl":{"start":{"line":25,"column":15},"end":{"line":25,"column":16}},"loc":{"start":{"line":25,"column":33},"end":{"line":41,"column":3}}},"2":{"name":"(anonymous_2)","decl":{"start":{"line":49,"column":2},"end":{"line":49,"column":7}},"loc":{"start":{"line":49,"column":44},"end":{"line":66,"column":3}}},"3":{"name":"(anonymous_3)","decl":{"start":{"line":72,"column":2},"end":{"line":72,"column":7}},"loc":{"start":{"line":72,"column":64},"end":{"line":130,"column":3}}},"4":{"name":"(anonymous_4)","decl":{"start":{"line":101,"column":46},"end":{"line":101,"column":50}},"loc":{"start":{"line":102,"column":12},"end":{"line":111,"column":14}}},"5":{"name":"(anonymous_5)","decl":{"start":{"line":106,"column":20},"end":{"line":106,"column":28}},"loc":{"start":{"line":106,"column":31},"end":{"line":111,"column":13}}},"6":{"name":"(anonymous_6)","decl":{"start":{"line":136,"column":2},"end":{"line":136,"column":7}},"loc":{"start":{"line":136,"column":57},"end":{"line":154,"column":3}}},"7":{"name":"(anonymous_7)","decl":{"start":{"line":162,"column":16},"end":{"line":162,"column":17}},"loc":{"start":{"line":162,"column":26},"end":{"line":165,"column":5}}},"8":{"name":"(anonymous_8)","decl":{"start":{"line":167,"column":17},"end":{"line":167,"column":18}},"loc":{"start":{"line":167,"column":29},"end":{"line":209,"column":3}}},"9":{"name":"(anonymous_9)","decl":{"start":{"line":169,"column":47},"end":{"line":169,"column":48}},"loc":{"start":{"line":169,"column":57},"end":{"line":172,"column":7}}},"10":{"name":"(anonymous_10)","decl":{"start":{"line":173,"column":49},"end":{"line":173,"column":50}},"loc":{"start":{"line":173,"column":90},"end":{"line":176,"column":7}}},"11":{"name":"(anonymous_11)","decl":{"start":{"line":177,"column":48},"end":{"line":177,"column":49}},"loc":{"start":{"line":177,"column":66},"end":{"line":181,"column":7}}},"12":{"name":"(anonymous_12)","decl":{"start":{"line":182,"column":51},"end":{"line":182,"column":52}},"loc":{"start":{"line":182,"column":69},"end":{"line":187,"column":7}}},"13":{"name":"(anonymous_13)","decl":{"start":{"line":188,"column":53},"end":{"line":188,"column":54}},"loc":{"start":{"line":188,"column":94},"end":{"line":192,"column":7}}},"14":{"name":"(anonymous_14)","decl":{"start":{"line":193,"column":52},"end":{"line":193,"column":53}},"loc":{"start":{"line":193,"column":70},"end":{"line":198,"column":7}}},"15":{"name":"(anonymous_15)","decl":{"start":{"line":199,"column":49},"end":{"line":199,"column":50}},"loc":{"start":{"line":199,"column":88},"end":{"line":204,"column":7}}},"16":{"name":"(anonymous_16)","decl":{"start":{"line":200,"column":44},"end":{"line":200,"column":48}},"loc":{"start":{"line":200,"column":52},"end":{"line":200,"column":81}}},"17":{"name":"(anonymous_17)","decl":{"start":{"line":205,"column":48},"end":{"line":205,"column":49}},"loc":{"start":{"line":205,"column":62},"end":{"line":208,"column":7}}}},"branchMap":{"0":{"loc":{"start":{"line":27,"column":23},"end":{"line":27,"column":82}},"type":"cond-expr","locations":[{"start":{"line":27,"column":38},"end":{"line":27,"column":47}},{"start":{"line":27,"column":50},"end":{"line":27,"column":82}}]},"1":{"loc":{"start":{"line":27,"column":50},"end":{"line":27,"column":82}},"type":"cond-expr","locations":[{"start":{"line":27,"column":65},"end":{"line":27,"column":74}},{"start":{"line":27,"column":77},"end":{"line":27,"column":82}}]},"2":{"loc":{"start":{"line":28,"column":24},"end":{"line":28,"column":91}},"type":"cond-expr","locations":[{"start":{"line":28,"column":49},"end":{"line":28,"column":54}},{"start":{"line":28,"column":57},"end":{"line":28,"column":91}}]},"3":{"loc":{"start":{"line":28,"column":57},"end":{"line":28,"column":91}},"type":"cond-expr","locations":[{"start":{"line":28,"column":78},"end":{"line":28,"column":83}},{"start":{"line":28,"column":86},"end":{"line":28,"column":91}}]},"4":{"loc":{"start":{"line":52,"column":6},"end":{"line":55,"column":7}},"type":"if","locations":[{"start":{"line":52,"column":6},"end":{"line":55,"column":7}},{"start":{},"end":{}}]},"5":{"loc":{"start":{"line":61,"column":6},"end":{"line":63,"column":7}},"type":"if","locations":[{"start":{"line":61,"column":6},"end":{"line":63,"column":7}},{"start":{},"end":{}}]},"6":{"loc":{"start":{"line":77,"column":4},"end":{"line":80,"column":5}},"type":"if","locations":[{"start":{"line":77,"column":4},"end":{"line":80,"column":5}},{"start":{},"end":{}}]},"7":{"loc":{"start":{"line":77,"column":8},"end":{"line":77,"column":84}},"type":"binary-expr","locations":[{"start":{"line":77,"column":8},"end":{"line":77,"column":52}},{"start":{"line":77,"column":56},"end":{"line":77,"column":84}}]},"8":{"loc":{"start":{"line":85,"column":4},"end":{"line":129,"column":5}},"type":"if","locations":[{"start":{"line":85,"column":4},"end":{"line":129,"column":5}},{"start":{"line":126,"column":11},"end":{"line":129,"column":5}}]},"9":{"loc":{"start":{"line":88,"column":6},"end":{"line":125,"column":7}},"type":"if","locations":[{"start":{"line":88,"column":6},"end":{"line":125,"column":7}},{"start":{"line":92,"column":13},"end":{"line":125,"column":7}}]},"10":{"loc":{"start":{"line":107,"column":14},"end":{"line":109,"column":15}},"type":"if","locations":[{"start":{"line":107,"column":14},"end":{"line":109,"column":15}},{"start":{},"end":{}}]},"11":{"loc":{"start":{"line":120,"column":10},"end":{"line":122,"column":11}},"type":"if","locations":[{"start":{"line":120,"column":10},"end":{"line":122,"column":11}},{"start":{},"end":{}}]},"12":{"loc":{"start":{"line":121,"column":35},"end":{"line":121,"column":80}},"type":"binary-expr","locations":[{"start":{"line":121,"column":35},"end":{"line":121,"column":48}},{"start":{"line":121,"column":52},"end":{"line":121,"column":80}}]},"13":{"loc":{"start":{"line":128,"column":29},"end":{"line":128,"column":117}},"type":"binary-expr","locations":[{"start":{"line":128,"column":29},"end":{"line":128,"column":58}},{"start":{"line":128,"column":62},"end":{"line":128,"column":117}}]},"14":{"loc":{"start":{"line":143,"column":6},"end":{"line":145,"column":7}},"type":"if","locations":[{"start":{"line":143,"column":6},"end":{"line":145,"column":7}},{"start":{},"end":{}}]},"15":{"loc":{"start":{"line":149,"column":6},"end":{"line":151,"column":7}},"type":"if","locations":[{"start":{"line":149,"column":6},"end":{"line":151,"column":7}},{"start":{},"end":{}}]},"16":{"loc":{"start":{"line":150,"column":31},"end":{"line":150,"column":84}},"type":"binary-expr","locations":[{"start":{"line":150,"column":31},"end":{"line":150,"column":44}},{"start":{"line":150,"column":48},"end":{"line":150,"column":84}}]},"17":{"loc":{"start":{"line":179,"column":22},"end":{"line":179,"column":77}},"type":"binary-expr","locations":[{"start":{"line":179,"column":22},"end":{"line":179,"column":36}},{"start":{"line":179,"column":40},"end":{"line":179,"column":77}}]},"18":{"loc":{"start":{"line":195,"column":22},"end":{"line":195,"column":81}},"type":"binary-expr","locations":[{"start":{"line":195,"column":22},"end":{"line":195,"column":36}},{"start":{"line":195,"column":40},"end":{"line":195,"column":81}}]},"19":{"loc":{"start":{"line":201,"column":8},"end":{"line":203,"column":9}},"type":"if","locations":[{"start":{"line":201,"column":8},"end":{"line":203,"column":9}},{"start":{},"end":{}}]}},"s":{"0":2,"1":2,"2":2,"3":6,"4":6,"5":6,"6":6,"7":48,"8":48,"9":480,"10":480,"11":480,"12":6,"13":2,"14":2,"15":11,"16":11,"17":7,"18":1,"19":6,"20":6,"21":5,"22":5,"23":0,"24":2,"25":12,"26":12,"27":12,"28":5,"29":5,"30":7,"31":7,"32":5,"33":5,"34":3,"35":3,"36":2,"37":2,"38":2,"39":2,"40":2,"41":160,"42":160,"43":80,"44":80,"45":2,"46":1,"47":1,"48":1,"49":1,"50":1,"51":0,"52":2,"53":2,"54":6,"55":6,"56":5,"57":1,"58":4,"59":4,"60":2,"61":2,"62":0,"63":2,"64":2,"65":2,"66":2,"67":11,"68":11,"69":6,"70":6,"71":5,"72":5,"73":5,"74":12,"75":12,"76":12,"77":9,"78":9,"79":3,"80":3,"81":3,"82":3,"83":4,"84":7,"85":4,"86":1,"87":2,"88":2,"89":2},"f":{"0":6,"1":48,"2":11,"3":12,"4":160,"5":160,"6":6,"7":2,"8":2,"9":11,"10":6,"11":5,"12":12,"13":9,"14":3,"15":4,"16":7,"17":2},"b":{"0":[120,360],"1":[240,120],"2":[120,360],"3":[120,240],"4":[1,6],"5":[5,0],"6":[5,7],"7":[12,12],"8":[5,2],"9":[3,2],"10":[80,80],"11":[1,0],"12":[1,0],"13":[2,0],"14":[1,4],"15":[2,0],"16":[2,0],"17":[5,0],"18":[3,0],"19":[1,3]}}
}
