TN:
SF:src\App.tsx
FN:11,App
FNF:1
FNH:0
FNDA:0,App
DA:12,0
LF:1
LH:0
BRF:0
BRH:0
end_of_record
TN:
SF:src\components\MovieCard.tsx
FN:14,(anonymous_1)
FN:17,(anonymous_2)
FN:29,(anonymous_3)
FN:38,(anonymous_4)
FNF:4
FNH:2
FNDA:15,(anonymous_1)
FNDA:0,(anonymous_2)
FNDA:0,(anonymous_3)
FNDA:25,(anonymous_4)
DA:2,2
DA:3,2
DA:4,2
DA:5,2
DA:7,2
DA:8,2
DA:14,2
DA:15,15
DA:17,15
DA:18,0
DA:21,15
DA:30,0
DA:31,0
DA:39,25
DA:64,2
LF:15
LH:12
BRF:0
BRH:0
end_of_record
TN:
SF:src\components\MovieFilters.tsx
FN:10,(anonymous_0)
FN:13,(anonymous_1)
FN:17,(anonymous_2)
FN:18,(anonymous_3)
FN:20,(anonymous_4)
FN:22,(anonymous_5)
FN:27,(anonymous_6)
FN:29,(anonymous_7)
FN:34,(anonymous_8)
FN:50,(anonymous_9)
FN:69,(anonymous_10)
FN:74,(anonymous_11)
FN:86,(anonymous_12)
FN:91,(anonymous_13)
FNF:14
FNH:14
FNDA:30,(anonymous_0)
FNDA:65,(anonymous_1)
FNDA:68,(anonymous_2)
FNDA:68,(anonymous_3)
FNDA:5,(anonymous_4)
FNDA:2,(anonymous_5)
FNDA:4,(anonymous_6)
FNDA:2,(anonymous_7)
FNDA:1,(anonymous_8)
FNDA:3,(anonymous_9)
FNDA:75,(anonymous_10)
FNDA:5,(anonymous_11)
FNDA:50,(anonymous_12)
FNDA:4,(anonymous_13)
DA:2,2
DA:3,2
DA:4,2
DA:5,2
DA:7,2
DA:8,2
DA:10,2
DA:11,30
DA:12,30
DA:13,65
DA:17,68
DA:18,68
DA:20,30
DA:21,5
DA:22,2
DA:24,5
DA:27,30
DA:28,4
DA:29,2
DA:31,4
DA:34,30
DA:35,1
DA:38,30
DA:40,30
DA:50,3
DA:70,75
DA:74,5
DA:87,50
DA:91,4
DA:102,2
LF:30
LH:30
BRDA:21,0,0,1
BRDA:21,0,1,4
BRDA:28,1,0,1
BRDA:28,1,1,3
BRDA:38,2,0,30
BRDA:38,2,1,25
BRDA:38,2,2,18
BRDA:57,3,0,30
BRDA:57,3,1,15
BRDA:72,4,0,13
BRDA:72,4,1,62
BRDA:89,5,0,9
BRDA:89,5,1,41
BRF:13
BRH:13
end_of_record
TN:
SF:src\components\SeatMap.tsx
FN:13,(anonymous_0)
FN:15,(anonymous_1)
FN:17,(anonymous_2)
FN:22,(anonymous_3)
FN:24,(anonymous_4)
FN:37,(anonymous_5)
FN:55,(anonymous_6)
FN:59,(anonymous_7)
FN:68,(anonymous_8)
FNF:9
FNH:9
FNDA:38,(anonymous_0)
FNDA:76,(anonymous_1)
FNDA:9,(anonymous_2)
FNDA:159,(anonymous_3)
FNDA:46,(anonymous_4)
FNDA:159,(anonymous_5)
FNDA:74,(anonymous_6)
FNDA:159,(anonymous_7)
FNDA:9,(anonymous_8)
DA:2,2
DA:3,2
DA:6,2
DA:7,2
DA:13,2
DA:14,38
DA:15,76
DA:17,38
DA:18,9
DA:19,9
DA:22,38
DA:23,159
DA:24,122
DA:26,107
DA:28,42
DA:30,24
DA:32,41
DA:37,38
DA:38,159
DA:39,74
DA:41,159
DA:42,159
DA:45,38
DA:56,74
DA:60,159
DA:68,9
DA:107,2
LF:27
LH:27
BRDA:18,0,0,0
BRDA:18,0,1,9
BRDA:23,1,0,37
BRDA:23,1,1,122
BRDA:24,2,0,15
BRDA:24,2,1,107
BRDA:26,3,0,42
BRDA:26,3,1,24
BRDA:26,3,2,41
BRDA:38,4,0,74
BRDA:38,4,1,85
BRF:11
BRH:10
end_of_record
TN:
SF:src\components\ShowtimeCard.tsx
FN:16,(anonymous_0)
FN:20,(anonymous_1)
FN:25,(anonymous_2)
FN:33,(anonymous_3)
FNF:4
FNH:0
FNDA:0,(anonymous_0)
FNDA:0,(anonymous_1)
FNDA:0,(anonymous_2)
FNDA:0,(anonymous_3)
DA:16,0
DA:17,0
DA:18,0
DA:20,0
DA:21,0
DA:22,0
DA:25,0
DA:26,0
DA:33,0
DA:34,0
DA:41,0
DA:43,0
LF:12
LH:0
BRDA:65,0,0,0
BRDA:65,0,1,0
BRDA:75,1,0,0
BRDA:75,1,1,0
BRF:4
BRH:0
end_of_record
TN:
SF:src\components\ui\badge.tsx
FN:31,Badge
FNF:1
FNH:1
FNDA:150,Badge
DA:2,3
DA:4,3
DA:7,3
DA:32,150
DA:37,3
LF:5
LH:5
BRF:0
BRH:0
end_of_record
TN:
SF:src\components\ui\button.tsx
FN:43,(anonymous_9)
FNF:1
FNH:1
FNDA:228,(anonymous_9)
DA:1,5
DA:2,5
DA:3,5
DA:5,5
DA:7,5
DA:42,5
DA:44,228
DA:45,228
DA:54,5
DA:56,5
LF:10
LH:10
BRDA:43,0,0,228
BRDA:44,1,0,0
BRDA:44,1,1,228
BRF:3
BRH:2
end_of_record
TN:
SF:src\components\ui\card.tsx
FN:8,(anonymous_9)
FN:23,(anonymous_10)
FN:35,(anonymous_11)
FN:50,(anonymous_12)
FN:62,(anonymous_13)
FN:70,(anonymous_14)
FNF:6
FNH:5
FNDA:41,(anonymous_9)
FNDA:26,(anonymous_10)
FNDA:26,(anonymous_11)
FNDA:0,(anonymous_12)
FNDA:41,(anonymous_13)
FNDA:15,(anonymous_14)
DA:1,3
DA:3,3
DA:5,3
DA:9,41
DA:18,3
DA:20,3
DA:24,26
DA:30,3
DA:32,3
DA:36,26
DA:45,3
DA:47,3
DA:51,0
DA:57,3
DA:59,3
DA:63,41
DA:65,3
DA:67,3
DA:71,15
DA:77,3
DA:79,3
LF:21
LH:20
BRF:0
BRH:0
end_of_record
TN:
SF:src\components\ui\input.tsx
FN:6,(anonymous_9)
FNF:1
FNH:1
FNDA:30,(anonymous_9)
DA:1,2
DA:3,2
DA:5,2
DA:7,30
DA:20,2
DA:22,2
LF:6
LH:6
BRF:0
BRH:0
end_of_record
TN:
SF:src\lib\utils.ts
FN:4,cn
FNF:1
FNH:1
FNDA:716,cn
DA:1,5
DA:2,5
DA:4,5
DA:5,716
LF:4
LH:4
BRF:0
BRH:0
end_of_record
TN:
SF:src\pages\BookingConfirmationPage.tsx
FN:11,(anonymous_0)
FN:16,(anonymous_1)
FN:19,(anonymous_2)
FN:25,(anonymous_3)
FN:47,(anonymous_4)
FN:55,(anonymous_5)
FN:90,(anonymous_6)
FN:120,(anonymous_7)
FN:151,(anonymous_8)
FNF:9
FNH:0
FNDA:0,(anonymous_0)
FNDA:0,(anonymous_1)
FNDA:0,(anonymous_2)
FNDA:0,(anonymous_3)
FNDA:0,(anonymous_4)
FNDA:0,(anonymous_5)
FNDA:0,(anonymous_6)
FNDA:0,(anonymous_7)
FNDA:0,(anonymous_8)
DA:11,0
DA:12,0
DA:13,0
DA:15,0
DA:16,0
DA:19,0
DA:20,0
DA:21,0
DA:25,0
DA:27,0
DA:28,0
DA:29,0
DA:37,0
DA:38,0
DA:47,0
DA:48,0
DA:55,0
DA:56,0
DA:64,0
DA:66,0
DA:91,0
DA:121,0
DA:151,0
LF:23
LH:0
BRDA:20,0,0,0
BRDA:20,0,1,0
BRDA:20,1,0,0
BRDA:20,1,1,0
BRDA:20,1,2,0
BRDA:37,2,0,0
BRDA:37,2,1,0
BRDA:37,3,0,0
BRDA:37,3,1,0
BRDA:37,3,2,0
BRF:10
BRH:0
end_of_record
TN:
SF:src\pages\MoviesPage.tsx
FN:9,(anonymous_1)
FN:12,(anonymous_2)
FN:14,(anonymous_3)
FN:61,(anonymous_4)
FNF:4
FNH:4
FNDA:18,(anonymous_1)
FNDA:36,(anonymous_2)
FNDA:5,(anonymous_3)
FNDA:10,(anonymous_4)
DA:1,1
DA:2,1
DA:4,1
DA:5,1
DA:6,1
DA:7,1
DA:9,1
DA:10,18
DA:12,36
DA:14,18
DA:15,5
DA:18,18
DA:19,5
DA:28,13
DA:29,1
DA:40,12
DA:62,10
DA:70,1
LF:18
LH:18
BRDA:18,0,0,5
BRDA:18,0,1,13
BRDA:28,1,0,1
BRDA:28,1,1,12
BRDA:51,2,0,6
BRDA:51,2,1,6
BRF:6
BRH:6
end_of_record
TN:
SF:src\pages\SeatSelectionPage.tsx
FN:12,(anonymous_1)
FN:25,(anonymous_2)
FN:27,(anonymous_3)
FN:29,(anonymous_4)
FN:30,(anonymous_5)
FN:84,(anonymous_6)
FN:90,(anonymous_7)
FN:109,(anonymous_8)
FN:136,(anonymous_9)
FN:153,(anonymous_10)
FN:162,(anonymous_11)
FN:172,(anonymous_12)
FN:187,(anonymous_13)
FN:235,(anonymous_14)
FNF:14
FNH:12
FNDA:22,(anonymous_1)
FNDA:44,(anonymous_2)
FNDA:44,(anonymous_3)
FNDA:22,(anonymous_4)
FNDA:22,(anonymous_5)
FNDA:1,(anonymous_6)
FNDA:1,(anonymous_7)
FNDA:0,(anonymous_8)
FNDA:1,(anonymous_9)
FNDA:0,(anonymous_10)
FNDA:26,(anonymous_11)
FNDA:26,(anonymous_12)
FNDA:1,(anonymous_13)
FNDA:6,(anonymous_14)
DA:1,1
DA:2,1
DA:3,1
DA:4,1
DA:5,1
DA:6,1
DA:8,1
DA:9,1
DA:10,1
DA:12,1
DA:13,22
DA:14,22
DA:15,22
DA:17,22
DA:25,44
DA:27,44
DA:29,22
DA:30,22
DA:33,22
DA:34,0
DA:38,22
DA:40,6
DA:41,6
DA:42,6
DA:45,0
DA:47,0
DA:49,0
DA:50,0
DA:52,0
DA:53,0
DA:55,0
DA:56,0
DA:57,0
DA:60,0
DA:62,0
DA:63,0
DA:65,0
DA:66,0
DA:68,0
DA:69,0
DA:73,16
DA:74,0
DA:75,0
DA:80,22
DA:84,22
DA:86,1
DA:90,1
DA:91,1
DA:94,1
DA:96,1
DA:98,1
DA:101,0
DA:102,0
DA:104,0
DA:109,22
DA:111,0
DA:115,22
DA:116,1
DA:128,21
DA:129,3
DA:136,1
DA:144,18
DA:145,5
DA:153,0
DA:162,13
DA:164,26
DA:172,13
DA:174,26
DA:182,13
DA:187,1
DA:236,6
DA:285,1
LF:72
LH:48
BRDA:33,0,0,0
BRDA:33,0,1,22
BRDA:38,1,0,6
BRDA:38,1,1,16
BRDA:38,2,0,22
BRDA:38,2,1,16
BRDA:40,3,0,6
BRDA:40,3,1,0
BRDA:49,4,0,0
BRDA:49,4,1,0
BRDA:56,5,0,0
BRDA:56,5,1,0
BRDA:73,6,0,0
BRDA:73,6,1,16
BRDA:73,7,0,16
BRDA:73,7,1,0
BRDA:86,8,0,0
BRDA:86,8,1,1
BRDA:115,9,0,1
BRDA:115,9,1,21
BRDA:128,10,0,3
BRDA:128,10,1,18
BRDA:144,11,0,5
BRDA:144,11,1,13
BRDA:144,12,0,18
BRDA:144,12,1,14
BRDA:144,12,2,14
BRDA:231,13,0,13
BRDA:231,13,1,5
BRDA:260,14,0,13
BRDA:260,14,1,5
BRF:31
BRH:22
end_of_record
TN:
SF:src\pages\ShowtimesPage.tsx
FN:13,(anonymous_0)
FN:17,(anonymous_1)
FN:25,(anonymous_2)
FN:26,(anonymous_3)
FN:93,(anonymous_4)
FN:110,(anonymous_5)
FN:118,(anonymous_6)
FN:129,(anonymous_7)
FN:143,(anonymous_8)
FN:153,(anonymous_9)
FN:198,(anonymous_10)
FN:199,(anonymous_11)
FNF:12
FNH:0
FNDA:0,(anonymous_0)
FNDA:0,(anonymous_1)
FNDA:0,(anonymous_2)
FNDA:0,(anonymous_3)
FNDA:0,(anonymous_4)
FNDA:0,(anonymous_5)
FNDA:0,(anonymous_6)
FNDA:0,(anonymous_7)
FNDA:0,(anonymous_8)
FNDA:0,(anonymous_9)
FNDA:0,(anonymous_10)
FNDA:0,(anonymous_11)
DA:13,0
DA:14,0
DA:15,0
DA:16,0
DA:17,0
DA:19,0
DA:20,0
DA:21,0
DA:22,0
DA:23,0
DA:25,0
DA:26,0
DA:27,0
DA:28,0
DA:29,0
DA:32,0
DA:33,0
DA:35,0
DA:37,0
DA:38,0
DA:39,0
DA:41,0
DA:42,0
DA:43,0
DA:46,0
DA:47,0
DA:48,0
DA:50,0
DA:51,0
DA:54,0
DA:55,0
DA:56,0
DA:58,0
DA:59,0
DA:62,0
DA:63,0
DA:65,0
DA:67,0
DA:69,0
DA:73,0
DA:76,0
DA:77,0
DA:86,0
DA:87,0
DA:93,0
DA:101,0
DA:102,0
DA:110,0
DA:118,0
DA:119,0
DA:120,0
DA:121,0
DA:124,0
DA:129,0
DA:144,0
DA:145,0
DA:154,0
DA:199,0
DA:200,0
LF:59
LH:0
BRDA:27,0,0,0
BRDA:27,0,1,0
BRDA:38,1,0,0
BRDA:38,1,1,0
BRDA:47,2,0,0
BRDA:47,2,1,0
BRDA:55,3,0,0
BRDA:55,3,1,0
BRDA:62,4,0,0
BRDA:62,4,1,0
BRDA:63,5,0,0
BRDA:63,5,1,0
BRDA:76,6,0,0
BRDA:76,6,1,0
BRDA:86,7,0,0
BRDA:86,7,1,0
BRDA:101,8,0,0
BRDA:101,8,1,0
BRDA:190,9,0,0
BRDA:190,9,1,0
BRDA:200,10,0,0
BRDA:200,10,1,0
BRF:22
BRH:0
end_of_record
TN:
SF:src\store\index.ts
FNF:0
FNH:0
DA:6,0
LF:1
LH:0
BRF:0
BRH:0
end_of_record
TN:
SF:src\store\slices\bookingSlice.ts
FN:15,(anonymous_0)
FN:18,(anonymous_1)
FN:21,(anonymous_2)
FN:23,(anonymous_3)
FN:31,(anonymous_4)
FN:33,(anonymous_5)
FN:37,(anonymous_6)
FNF:7
FNH:4
FNDA:0,(anonymous_0)
FNDA:0,(anonymous_1)
FNDA:9,(anonymous_2)
FNDA:3,(anonymous_3)
FNDA:8,(anonymous_4)
FNDA:0,(anonymous_5)
FNDA:1,(anonymous_6)
DA:1,3
DA:4,3
DA:11,3
DA:16,0
DA:19,0
DA:22,9
DA:23,9
DA:25,9
DA:26,2
DA:28,7
DA:31,9
DA:34,0
DA:35,0
DA:38,1
DA:39,1
DA:40,1
DA:41,1
DA:46,3
DA:54,3
LF:19
LH:15
BRDA:25,0,0,2
BRDA:25,0,1,7
BRF:2
BRH:2
end_of_record
TN:
SF:src\store\slices\moviesSlice.ts
FN:28,(anonymous_0)
FN:50,(anonymous_1)
FN:54,(anonymous_2)
FN:58,(anonymous_3)
FN:62,(anonymous_4)
FN:69,(anonymous_5)
FN:71,(anonymous_6)
FN:75,(anonymous_7)
FN:80,(anonymous_8)
FN:89,(anonymous_9)
FN:94,(anonymous_10)
FN:101,(anonymous_11)
FN:102,(anonymous_12)
FN:108,(anonymous_13)
FNF:14
FNH:14
FNDA:5,(anonymous_0)
FNDA:5,(anonymous_1)
FNDA:7,(anonymous_2)
FNDA:6,(anonymous_3)
FNDA:2,(anonymous_4)
FNDA:5,(anonymous_5)
FNDA:6,(anonymous_6)
FNDA:9,(anonymous_7)
FNDA:2,(anonymous_8)
FNDA:27,(anonymous_9)
FNDA:15,(anonymous_10)
FNDA:23,(anonymous_11)
FNDA:24,(anonymous_12)
FNDA:18,(anonymous_13)
DA:1,5
DA:15,5
DA:26,5
DA:29,5
DA:30,5
DA:31,4
DA:32,0
DA:34,4
DA:35,4
DA:37,1
DA:38,1
DA:39,1
DA:41,1
DA:46,5
DA:51,5
DA:52,5
DA:55,7
DA:56,7
DA:59,6
DA:60,6
DA:63,2
DA:64,2
DA:65,2
DA:66,2
DA:70,5
DA:72,6
DA:73,6
DA:76,9
DA:77,9
DA:78,9
DA:81,2
DA:82,2
DA:83,2
DA:84,2
DA:89,5
DA:90,27
DA:93,27
DA:94,7
DA:95,15
DA:100,27
DA:101,9
DA:102,24
DA:107,27
DA:108,7
DA:109,18
DA:113,27
DA:116,5
DA:117,5
LF:48
LH:47
BRDA:31,0,0,0
BRDA:31,0,1,4
BRDA:38,1,0,1
BRDA:38,1,1,0
BRDA:82,2,0,2
BRDA:82,2,1,0
BRDA:93,3,0,7
BRDA:93,3,1,20
BRDA:100,4,0,9
BRDA:100,4,1,18
BRDA:107,5,0,7
BRDA:107,5,1,20
BRF:12
BRH:9
end_of_record
TN:
SF:src\store\slices\seatsSlice.ts
FN:20,(anonymous_0)
FN:25,(anonymous_1)
FN:49,(anonymous_2)
FN:72,(anonymous_3)
FN:101,(anonymous_4)
FN:106,(anonymous_5)
FN:136,(anonymous_6)
FN:162,(anonymous_7)
FN:167,(anonymous_8)
FN:169,(anonymous_9)
FN:173,(anonymous_10)
FN:177,(anonymous_11)
FN:182,(anonymous_12)
FN:188,(anonymous_13)
FN:193,(anonymous_14)
FN:199,(anonymous_15)
FN:200,(anonymous_16)
FN:205,(anonymous_17)
FNF:18
FNH:18
FNDA:6,(anonymous_0)
FNDA:48,(anonymous_1)
FNDA:11,(anonymous_2)
FNDA:12,(anonymous_3)
FNDA:160,(anonymous_4)
FNDA:160,(anonymous_5)
FNDA:6,(anonymous_6)
FNDA:2,(anonymous_7)
FNDA:2,(anonymous_8)
FNDA:11,(anonymous_9)
FNDA:6,(anonymous_10)
FNDA:5,(anonymous_11)
FNDA:12,(anonymous_12)
FNDA:9,(anonymous_13)
FNDA:3,(anonymous_14)
FNDA:4,(anonymous_15)
FNDA:7,(anonymous_16)
FNDA:2,(anonymous_17)
DA:1,2
DA:12,2
DA:20,2
DA:21,6
DA:22,6
DA:23,6
DA:25,6
DA:26,48
DA:27,480
DA:28,480
DA:30,480
DA:43,6
DA:47,2
DA:50,11
DA:51,11
DA:52,7
DA:54,1
DA:56,6
DA:58,6
DA:61,5
DA:62,5
DA:64,0
DA:70,2
DA:73,12
DA:76,12
DA:77,12
DA:78,5
DA:79,5
DA:83,7
DA:85,7
DA:86,5
DA:88,5
DA:90,3
DA:91,3
DA:94,2
DA:95,2
DA:97,2
DA:98,2
DA:101,2
DA:102,160
DA:107,160
DA:108,80
DA:110,80
DA:114,2
DA:116,1
DA:117,1
DA:119,1
DA:120,1
DA:121,1
DA:123,0
DA:128,2
DA:134,2
DA:137,6
DA:138,6
DA:143,5
DA:144,1
DA:146,4
DA:147,4
DA:149,2
DA:150,2
DA:152,0
DA:157,2
DA:163,2
DA:164,2
DA:168,2
DA:170,11
DA:171,11
DA:174,6
DA:175,6
DA:178,5
DA:179,5
DA:180,5
DA:183,12
DA:184,12
DA:186,12
DA:189,9
DA:190,9
DA:194,3
DA:195,3
DA:196,3
DA:197,3
DA:200,7
DA:201,4
DA:202,1
DA:206,2
DA:212,2
DA:214,2
LF:87
LH:84
BRDA:27,0,0,120
BRDA:27,0,1,360
BRDA:27,1,0,240
BRDA:27,1,1,120
BRDA:28,2,0,120
BRDA:28,2,1,360
BRDA:28,3,0,120
BRDA:28,3,1,240
BRDA:52,4,0,1
BRDA:52,4,1,6
BRDA:61,5,0,5
BRDA:61,5,1,0
BRDA:77,6,0,5
BRDA:77,6,1,7
BRDA:77,7,0,12
BRDA:77,7,1,12
BRDA:85,8,0,5
BRDA:85,8,1,2
BRDA:88,9,0,3
BRDA:88,9,1,2
BRDA:107,10,0,80
BRDA:107,10,1,80
BRDA:120,11,0,1
BRDA:120,11,1,0
BRDA:121,12,0,1
BRDA:121,12,1,0
BRDA:128,13,0,2
BRDA:128,13,1,0
BRDA:143,14,0,1
BRDA:143,14,1,4
BRDA:149,15,0,2
BRDA:149,15,1,0
BRDA:150,16,0,2
BRDA:150,16,1,0
BRDA:179,17,0,5
BRDA:179,17,1,0
BRDA:195,18,0,3
BRDA:195,18,1,0
BRDA:201,19,0,1
BRDA:201,19,1,3
BRF:40
BRH:32
end_of_record
